<?xml version="1.0" encoding="UTF-8"?>
<robot generator="Robot 3.2.2 (Python 3.8.3 on win32)" generated="20201012 16:40:43.481" rpa="false">
<suite id="s1" name="TestCases" source="C:\Users\jbalm\Documents\Python\PythonProjects\AutomationFramework\Tests\SystemTests\TestAutomationPracticeProject\TestCases">
<suite id="s1-s1" name="MainUI" source="C:\Users\jbalm\Documents\Python\PythonProjects\AutomationFramework\Tests\SystemTests\TestAutomationPracticeProject\TestCases\MainUI.robot">
<kw name="Common Suite Setup" library="UniversalResources" type="setup">
<msg timestamp="20201012 16:40:44.302" level="INFO">Common Suite Setup</msg>
<status status="PASS" starttime="20201012 16:40:44.302" endtime="20201012 16:40:44.302"></status>
</kw>
<test id="s1-s1-t1" name="ST_01_01_0001 Test Click">
<kw name="Test Click" library="MainUI">
<doc>Test for click() and locate_element() method</doc>
<msg timestamp="20201012 16:40:44.860" level="DEBUG">POST http://127.0.0.1:56216/session {"capabilities": {"firstMatch": [{}], "alwaysMatch": {"browserName": "chrome", "platformName": "any", "goog:chromeOptions": {"prefs": {"download.default_directory": "..\\AutomationTools\\Data\\Downloads"}, "extensions": [], "args": []}}}, "desiredCapabilities": {"browserName": "chrome", "version": "", "platform": "ANY", "goog:chromeOptions": {"prefs": {"download.default_directory": "..\\AutomationTools\\Data\\Downloads"}, "extensions": [], "args": []}}}</msg>
<msg timestamp="20201012 16:40:44.861" level="DEBUG">Starting new HTTP connection (1): 127.0.0.1:56216</msg>
<msg timestamp="20201012 16:40:47.417" level="DEBUG">http://127.0.0.1:56216 "POST /session HTTP/1.1" 200 718</msg>
<msg timestamp="20201012 16:40:47.417" level="DEBUG">Finished Request</msg>
<msg timestamp="20201012 16:40:47.418" level="DEBUG">POST http://127.0.0.1:56216/session/141a82938b7e57d89dcad1e2f9e3dd32/window/maximize {}</msg>
<msg timestamp="20201012 16:40:49.534" level="DEBUG">http://127.0.0.1:56216 "POST /session/141a82938b7e57d89dcad1e2f9e3dd32/window/maximize HTTP/1.1" 200 52</msg>
<msg timestamp="20201012 16:40:49.534" level="DEBUG">Finished Request</msg>
<msg timestamp="20201012 16:40:49.534" level="DEBUG">POST http://127.0.0.1:56216/session/141a82938b7e57d89dcad1e2f9e3dd32/url {"url": "http://testautomationpractice.blogspot.com/"}</msg>
<msg timestamp="20201012 16:40:52.263" level="DEBUG">http://127.0.0.1:56216 "POST /session/141a82938b7e57d89dcad1e2f9e3dd32/url HTTP/1.1" 200 14</msg>
<msg timestamp="20201012 16:40:52.264" level="DEBUG">Finished Request</msg>
<msg timestamp="20201012 16:40:52.264" level="DEBUG">GET http://127.0.0.1:56216/session/141a82938b7e57d89dcad1e2f9e3dd32/title {}</msg>
<msg timestamp="20201012 16:40:52.268" level="DEBUG">http://127.0.0.1:56216 "GET /session/141a82938b7e57d89dcad1e2f9e3dd32/title HTTP/1.1" 200 39</msg>
<msg timestamp="20201012 16:40:52.268" level="DEBUG">Finished Request</msg>
<msg timestamp="20201012 16:40:52.268" level="DEBUG">POST http://127.0.0.1:56216/session/141a82938b7e57d89dcad1e2f9e3dd32/timeouts {"implicit": 10000}</msg>
<msg timestamp="20201012 16:40:52.269" level="DEBUG">http://127.0.0.1:56216 "POST /session/141a82938b7e57d89dcad1e2f9e3dd32/timeouts HTTP/1.1" 200 14</msg>
<msg timestamp="20201012 16:40:52.269" level="DEBUG">Finished Request</msg>
<msg timestamp="20201012 16:40:52.269" level="DEBUG">POST http://127.0.0.1:56216/session/141a82938b7e57d89dcad1e2f9e3dd32/frame {"id": null}</msg>
<msg timestamp="20201012 16:40:52.271" level="DEBUG">http://127.0.0.1:56216 "POST /session/141a82938b7e57d89dcad1e2f9e3dd32/frame HTTP/1.1" 200 14</msg>
<msg timestamp="20201012 16:40:52.271" level="DEBUG">Finished Request</msg>
<msg timestamp="20201012 16:40:52.271" level="DEBUG">POST http://127.0.0.1:56216/session/141a82938b7e57d89dcad1e2f9e3dd32/execute/sync {"script": "return $(\"button:contains('Click Me')\").get(0)", "args": []}</msg>
<msg timestamp="20201012 16:40:52.277" level="DEBUG">http://127.0.0.1:56216 "POST /session/141a82938b7e57d89dcad1e2f9e3dd32/execute/sync HTTP/1.1" 200 88</msg>
<msg timestamp="20201012 16:40:52.278" level="DEBUG">Finished Request</msg>
<msg timestamp="20201012 16:40:52.278" level="DEBUG">POST http://127.0.0.1:56216/session/141a82938b7e57d89dcad1e2f9e3dd32/element/e0d1f205-7ff9-4da8-bfa8-09b496f0697d/click {"id": "e0d1f205-7ff9-4da8-bfa8-09b496f0697d"}</msg>
<msg timestamp="20201012 16:40:52.305" level="DEBUG">http://127.0.0.1:56216 "POST /session/141a82938b7e57d89dcad1e2f9e3dd32/element/e0d1f205-7ff9-4da8-bfa8-09b496f0697d/click HTTP/1.1" 200 14</msg>
<msg timestamp="20201012 16:40:52.305" level="DEBUG">Finished Request</msg>
<msg timestamp="20201012 16:40:55.305" level="DEBUG">GET http://127.0.0.1:56216/session/141a82938b7e57d89dcad1e2f9e3dd32/alert/text {}</msg>
<msg timestamp="20201012 16:40:55.308" level="DEBUG">http://127.0.0.1:56216 "GET /session/141a82938b7e57d89dcad1e2f9e3dd32/alert/text HTTP/1.1" 200 27</msg>
<msg timestamp="20201012 16:40:55.309" level="DEBUG">Finished Request</msg>
<msg timestamp="20201012 16:40:55.309" level="DEBUG">GET http://127.0.0.1:56216/session/141a82938b7e57d89dcad1e2f9e3dd32/alert/text {}</msg>
<msg timestamp="20201012 16:40:55.311" level="DEBUG">http://127.0.0.1:56216 "GET /session/141a82938b7e57d89dcad1e2f9e3dd32/alert/text HTTP/1.1" 200 27</msg>
<msg timestamp="20201012 16:40:55.312" level="DEBUG">Finished Request</msg>
<msg timestamp="20201012 16:40:55.312" level="DEBUG">GET http://127.0.0.1:56216/session/141a82938b7e57d89dcad1e2f9e3dd32/alert/text {}</msg>
<msg timestamp="20201012 16:40:55.314" level="DEBUG">http://127.0.0.1:56216 "GET /session/141a82938b7e57d89dcad1e2f9e3dd32/alert/text HTTP/1.1" 200 27</msg>
<msg timestamp="20201012 16:40:55.315" level="DEBUG">Finished Request</msg>
<msg timestamp="20201012 16:40:55.315" level="DEBUG">GET http://127.0.0.1:56216/session/141a82938b7e57d89dcad1e2f9e3dd32/alert/text {}</msg>
<msg timestamp="20201012 16:40:55.317" level="DEBUG">http://127.0.0.1:56216 "GET /session/141a82938b7e57d89dcad1e2f9e3dd32/alert/text HTTP/1.1" 200 27</msg>
<msg timestamp="20201012 16:40:55.318" level="DEBUG">Finished Request</msg>
<msg timestamp="20201012 16:40:55.318" level="DEBUG">GET http://127.0.0.1:56216/session/141a82938b7e57d89dcad1e2f9e3dd32/alert/text {}</msg>
<msg timestamp="20201012 16:40:55.321" level="DEBUG">http://127.0.0.1:56216 "GET /session/141a82938b7e57d89dcad1e2f9e3dd32/alert/text HTTP/1.1" 200 27</msg>
<msg timestamp="20201012 16:40:55.321" level="DEBUG">Finished Request</msg>
<msg timestamp="20201012 16:40:55.322" level="DEBUG">POST http://127.0.0.1:56216/session/141a82938b7e57d89dcad1e2f9e3dd32/alert/accept {}</msg>
<msg timestamp="20201012 16:40:55.326" level="DEBUG">http://127.0.0.1:56216 "POST /session/141a82938b7e57d89dcad1e2f9e3dd32/alert/accept HTTP/1.1" 200 14</msg>
<msg timestamp="20201012 16:40:55.326" level="DEBUG">Finished Request</msg>
<msg timestamp="20201012 16:40:55.327" level="DEBUG">DELETE http://127.0.0.1:56216/session/141a82938b7e57d89dcad1e2f9e3dd32 {}</msg>
<msg timestamp="20201012 16:40:55.390" level="DEBUG">http://127.0.0.1:56216 "DELETE /session/141a82938b7e57d89dcad1e2f9e3dd32 HTTP/1.1" 200 14</msg>
<msg timestamp="20201012 16:40:55.391" level="DEBUG">Finished Request</msg>
<status status="PASS" starttime="20201012 16:40:44.303" endtime="20201012 16:40:57.507"></status>
</kw>
<tags>
<tag>Regression</tag>
<tag>Smoke</tag>
<tag>SystemTesting</tag>
<tag>TestAutomationPractice</tag>
<tag>WebTesting</tag>
</tags>
<status status="PASS" starttime="20201012 16:40:44.302" endtime="20201012 16:40:57.509" critical="yes"></status>
</test>
<test id="s1-s1-t2" name="ST_01_01_0002 Test Input Text">
<kw name="Test Input Text" library="MainUI">
<doc>Test for input_text() and get_text() method</doc>
<msg timestamp="20201012 16:40:58.083" level="DEBUG">POST http://127.0.0.1:56261/session {"capabilities": {"firstMatch": [{}], "alwaysMatch": {"browserName": "chrome", "platformName": "any", "goog:chromeOptions": {"prefs": {"download.default_directory": "..\\AutomationTools\\Data\\Downloads"}, "extensions": [], "args": []}}}, "desiredCapabilities": {"browserName": "chrome", "version": "", "platform": "ANY", "goog:chromeOptions": {"prefs": {"download.default_directory": "..\\AutomationTools\\Data\\Downloads"}, "extensions": [], "args": []}}}</msg>
<msg timestamp="20201012 16:40:58.084" level="DEBUG">Starting new HTTP connection (1): 127.0.0.1:56261</msg>
<msg timestamp="20201012 16:41:00.659" level="DEBUG">http://127.0.0.1:56261 "POST /session HTTP/1.1" 200 719</msg>
<msg timestamp="20201012 16:41:00.659" level="DEBUG">Finished Request</msg>
<msg timestamp="20201012 16:41:00.659" level="DEBUG">POST http://127.0.0.1:56261/session/d97d66c3808716aa038f297af9a42304/window/maximize {}</msg>
<msg timestamp="20201012 16:41:02.794" level="DEBUG">http://127.0.0.1:56261 "POST /session/d97d66c3808716aa038f297af9a42304/window/maximize HTTP/1.1" 200 52</msg>
<msg timestamp="20201012 16:41:02.794" level="DEBUG">Finished Request</msg>
<msg timestamp="20201012 16:41:02.794" level="DEBUG">POST http://127.0.0.1:56261/session/d97d66c3808716aa038f297af9a42304/url {"url": "http://testautomationpractice.blogspot.com/"}</msg>
<msg timestamp="20201012 16:41:05.088" level="DEBUG">http://127.0.0.1:56261 "POST /session/d97d66c3808716aa038f297af9a42304/url HTTP/1.1" 200 14</msg>
<msg timestamp="20201012 16:41:05.089" level="DEBUG">Finished Request</msg>
<msg timestamp="20201012 16:41:05.089" level="DEBUG">GET http://127.0.0.1:56261/session/d97d66c3808716aa038f297af9a42304/title {}</msg>
<msg timestamp="20201012 16:41:05.093" level="DEBUG">http://127.0.0.1:56261 "GET /session/d97d66c3808716aa038f297af9a42304/title HTTP/1.1" 200 39</msg>
<msg timestamp="20201012 16:41:05.093" level="DEBUG">Finished Request</msg>
<msg timestamp="20201012 16:41:05.094" level="DEBUG">POST http://127.0.0.1:56261/session/d97d66c3808716aa038f297af9a42304/timeouts {"implicit": 10000}</msg>
<msg timestamp="20201012 16:41:05.094" level="DEBUG">http://127.0.0.1:56261 "POST /session/d97d66c3808716aa038f297af9a42304/timeouts HTTP/1.1" 200 14</msg>
<msg timestamp="20201012 16:41:05.095" level="DEBUG">Finished Request</msg>
<msg timestamp="20201012 16:41:05.095" level="DEBUG">POST http://127.0.0.1:56261/session/d97d66c3808716aa038f297af9a42304/frame {"id": null}</msg>
<msg timestamp="20201012 16:41:05.097" level="DEBUG">http://127.0.0.1:56261 "POST /session/d97d66c3808716aa038f297af9a42304/frame HTTP/1.1" 200 14</msg>
<msg timestamp="20201012 16:41:05.097" level="DEBUG">Finished Request</msg>
<msg timestamp="20201012 16:41:05.097" level="DEBUG">POST http://127.0.0.1:56261/session/d97d66c3808716aa038f297af9a42304/element {"using": "css selector", "value": "[id=\"frame-one1434677811\"]"}</msg>
<msg timestamp="20201012 16:41:05.105" level="DEBUG">http://127.0.0.1:56261 "POST /session/d97d66c3808716aa038f297af9a42304/element HTTP/1.1" 200 88</msg>
<msg timestamp="20201012 16:41:05.106" level="DEBUG">Finished Request</msg>
<msg timestamp="20201012 16:41:05.106" level="DEBUG">POST http://127.0.0.1:56261/session/d97d66c3808716aa038f297af9a42304/frame {"id": {"ELEMENT": "a6d71375-32e2-48d2-8890-72a431252491", "element-6066-11e4-a52e-4f735466cecf": "a6d71375-32e2-48d2-8890-72a431252491"}}</msg>
<msg timestamp="20201012 16:41:05.121" level="DEBUG">http://127.0.0.1:56261 "POST /session/d97d66c3808716aa038f297af9a42304/frame HTTP/1.1" 200 14</msg>
<msg timestamp="20201012 16:41:05.121" level="DEBUG">Finished Request</msg>
<msg timestamp="20201012 16:41:05.121" level="DEBUG">POST http://127.0.0.1:56261/session/d97d66c3808716aa038f297af9a42304/execute/sync {"script": "return $(\"#RESULT_TextField-1\").get(0)", "args": []}</msg>
<msg timestamp="20201012 16:41:05.126" level="DEBUG">http://127.0.0.1:56261 "POST /session/d97d66c3808716aa038f297af9a42304/execute/sync HTTP/1.1" 200 88</msg>
<msg timestamp="20201012 16:41:05.126" level="DEBUG">Finished Request</msg>
<msg timestamp="20201012 16:41:05.126" level="DEBUG">POST http://127.0.0.1:56261/session/d97d66c3808716aa038f297af9a42304/element/39960587-98af-4bc7-805f-cdb683487a4c/clear {"id": "39960587-98af-4bc7-805f-cdb683487a4c"}</msg>
<msg timestamp="20201012 16:41:05.151" level="DEBUG">http://127.0.0.1:56261 "POST /session/d97d66c3808716aa038f297af9a42304/element/39960587-98af-4bc7-805f-cdb683487a4c/clear HTTP/1.1" 200 14</msg>
<msg timestamp="20201012 16:41:05.151" level="DEBUG">Finished Request</msg>
<msg timestamp="20201012 16:41:05.151" level="DEBUG">POST http://127.0.0.1:56261/session/d97d66c3808716aa038f297af9a42304/element/39960587-98af-4bc7-805f-cdb683487a4c/value {"text": "Anthony Edward", "value": ["A", "n", "t", "h", "o", "n", "y", " ", "E", "d", "w", "a", "r", "d"], "id": "39960587-98af-4bc7-805f-cdb683487a4c"}</msg>
<msg timestamp="20201012 16:41:05.190" level="DEBUG">http://127.0.0.1:56261 "POST /session/d97d66c3808716aa038f297af9a42304/element/39960587-98af-4bc7-805f-cdb683487a4c/value HTTP/1.1" 200 14</msg>
<msg timestamp="20201012 16:41:05.190" level="DEBUG">Finished Request</msg>
<msg timestamp="20201012 16:41:05.190" level="DEBUG">POST http://127.0.0.1:56261/session/d97d66c3808716aa038f297af9a42304/frame {"id": null}</msg>
<msg timestamp="20201012 16:41:05.192" level="DEBUG">http://127.0.0.1:56261 "POST /session/d97d66c3808716aa038f297af9a42304/frame HTTP/1.1" 200 14</msg>
<msg timestamp="20201012 16:41:05.192" level="DEBUG">Finished Request</msg>
<msg timestamp="20201012 16:41:05.193" level="DEBUG">POST http://127.0.0.1:56261/session/d97d66c3808716aa038f297af9a42304/element {"using": "css selector", "value": "[id=\"frame-one1434677811\"]"}</msg>
<msg timestamp="20201012 16:41:05.211" level="DEBUG">http://127.0.0.1:56261 "POST /session/d97d66c3808716aa038f297af9a42304/element HTTP/1.1" 200 88</msg>
<msg timestamp="20201012 16:41:05.212" level="DEBUG">Finished Request</msg>
<msg timestamp="20201012 16:41:05.212" level="DEBUG">POST http://127.0.0.1:56261/session/d97d66c3808716aa038f297af9a42304/frame {"id": {"ELEMENT": "a6d71375-32e2-48d2-8890-72a431252491", "element-6066-11e4-a52e-4f735466cecf": "a6d71375-32e2-48d2-8890-72a431252491"}}</msg>
<msg timestamp="20201012 16:41:05.222" level="DEBUG">http://127.0.0.1:56261 "POST /session/d97d66c3808716aa038f297af9a42304/frame HTTP/1.1" 200 14</msg>
<msg timestamp="20201012 16:41:05.222" level="DEBUG">Finished Request</msg>
<msg timestamp="20201012 16:41:05.222" level="DEBUG">POST http://127.0.0.1:56261/session/d97d66c3808716aa038f297af9a42304/execute/sync {"script": "return $(\"#RESULT_TextField-2\").get(0)", "args": []}</msg>
<msg timestamp="20201012 16:41:05.225" level="DEBUG">http://127.0.0.1:56261 "POST /session/d97d66c3808716aa038f297af9a42304/execute/sync HTTP/1.1" 200 88</msg>
<msg timestamp="20201012 16:41:05.226" level="DEBUG">Finished Request</msg>
<msg timestamp="20201012 16:41:05.226" level="DEBUG">POST http://127.0.0.1:56261/session/d97d66c3808716aa038f297af9a42304/element/5cc76f7f-61a4-4ca1-a616-2924fe522493/clear {"id": "5cc76f7f-61a4-4ca1-a616-2924fe522493"}</msg>
<msg timestamp="20201012 16:41:05.248" level="DEBUG">http://127.0.0.1:56261 "POST /session/d97d66c3808716aa038f297af9a42304/element/5cc76f7f-61a4-4ca1-a616-2924fe522493/clear HTTP/1.1" 200 14</msg>
<msg timestamp="20201012 16:41:05.248" level="DEBUG">Finished Request</msg>
<msg timestamp="20201012 16:41:05.248" level="DEBUG">POST http://127.0.0.1:56261/session/d97d66c3808716aa038f297af9a42304/element/5cc76f7f-61a4-4ca1-a616-2924fe522493/value {"text": "Stark", "value": ["S", "t", "a", "r", "k"], "id": "5cc76f7f-61a4-4ca1-a616-2924fe522493"}</msg>
<msg timestamp="20201012 16:41:05.276" level="DEBUG">http://127.0.0.1:56261 "POST /session/d97d66c3808716aa038f297af9a42304/element/5cc76f7f-61a4-4ca1-a616-2924fe522493/value HTTP/1.1" 200 14</msg>
<msg timestamp="20201012 16:41:05.276" level="DEBUG">Finished Request</msg>
<msg timestamp="20201012 16:41:05.276" level="DEBUG">POST http://127.0.0.1:56261/session/d97d66c3808716aa038f297af9a42304/frame {"id": null}</msg>
<msg timestamp="20201012 16:41:05.277" level="DEBUG">http://127.0.0.1:56261 "POST /session/d97d66c3808716aa038f297af9a42304/frame HTTP/1.1" 200 14</msg>
<msg timestamp="20201012 16:41:05.277" level="DEBUG">Finished Request</msg>
<msg timestamp="20201012 16:41:05.278" level="DEBUG">POST http://127.0.0.1:56261/session/d97d66c3808716aa038f297af9a42304/element {"using": "css selector", "value": "[id=\"frame-one1434677811\"]"}</msg>
<msg timestamp="20201012 16:41:05.281" level="DEBUG">http://127.0.0.1:56261 "POST /session/d97d66c3808716aa038f297af9a42304/element HTTP/1.1" 200 88</msg>
<msg timestamp="20201012 16:41:05.282" level="DEBUG">Finished Request</msg>
<msg timestamp="20201012 16:41:05.283" level="DEBUG">POST http://127.0.0.1:56261/session/d97d66c3808716aa038f297af9a42304/frame {"id": {"ELEMENT": "a6d71375-32e2-48d2-8890-72a431252491", "element-6066-11e4-a52e-4f735466cecf": "a6d71375-32e2-48d2-8890-72a431252491"}}</msg>
<msg timestamp="20201012 16:41:05.292" level="DEBUG">http://127.0.0.1:56261 "POST /session/d97d66c3808716aa038f297af9a42304/frame HTTP/1.1" 200 14</msg>
<msg timestamp="20201012 16:41:05.292" level="DEBUG">Finished Request</msg>
<msg timestamp="20201012 16:41:05.292" level="DEBUG">POST http://127.0.0.1:56261/session/d97d66c3808716aa038f297af9a42304/execute/sync {"script": "return $(\"#RESULT_TextField-3\").get(0)", "args": []}</msg>
<msg timestamp="20201012 16:41:05.296" level="DEBUG">http://127.0.0.1:56261 "POST /session/d97d66c3808716aa038f297af9a42304/execute/sync HTTP/1.1" 200 88</msg>
<msg timestamp="20201012 16:41:05.296" level="DEBUG">Finished Request</msg>
<msg timestamp="20201012 16:41:05.296" level="DEBUG">POST http://127.0.0.1:56261/session/d97d66c3808716aa038f297af9a42304/element/8521119f-a190-4e6f-ba1e-ff426aa29847/clear {"id": "8521119f-a190-4e6f-ba1e-ff426aa29847"}</msg>
<msg timestamp="20201012 16:41:05.318" level="DEBUG">http://127.0.0.1:56261 "POST /session/d97d66c3808716aa038f297af9a42304/element/8521119f-a190-4e6f-ba1e-ff426aa29847/clear HTTP/1.1" 200 14</msg>
<msg timestamp="20201012 16:41:05.318" level="DEBUG">Finished Request</msg>
<msg timestamp="20201012 16:41:05.318" level="DEBUG">POST http://127.0.0.1:56261/session/d97d66c3808716aa038f297af9a42304/element/8521119f-a190-4e6f-ba1e-ff426aa29847/value {"text": "+639950134772", "value": ["+", "6", "3", "9", "9", "5", "0", "1", "3", "4", "7", "7", "2"], "id": "8521119f-a190-4e6f-ba1e-ff426aa29847"}</msg>
<msg timestamp="20201012 16:41:05.351" level="DEBUG">http://127.0.0.1:56261 "POST /session/d97d66c3808716aa038f297af9a42304/element/8521119f-a190-4e6f-ba1e-ff426aa29847/value HTTP/1.1" 200 14</msg>
<msg timestamp="20201012 16:41:05.352" level="DEBUG">Finished Request</msg>
<msg timestamp="20201012 16:41:05.352" level="DEBUG">POST http://127.0.0.1:56261/session/d97d66c3808716aa038f297af9a42304/frame {"id": null}</msg>
<msg timestamp="20201012 16:41:05.353" level="DEBUG">http://127.0.0.1:56261 "POST /session/d97d66c3808716aa038f297af9a42304/frame HTTP/1.1" 200 14</msg>
<msg timestamp="20201012 16:41:05.353" level="DEBUG">Finished Request</msg>
<msg timestamp="20201012 16:41:05.353" level="DEBUG">POST http://127.0.0.1:56261/session/d97d66c3808716aa038f297af9a42304/element {"using": "css selector", "value": "[id=\"frame-one1434677811\"]"}</msg>
<msg timestamp="20201012 16:41:05.358" level="DEBUG">http://127.0.0.1:56261 "POST /session/d97d66c3808716aa038f297af9a42304/element HTTP/1.1" 200 88</msg>
<msg timestamp="20201012 16:41:05.358" level="DEBUG">Finished Request</msg>
<msg timestamp="20201012 16:41:05.358" level="DEBUG">POST http://127.0.0.1:56261/session/d97d66c3808716aa038f297af9a42304/frame {"id": {"ELEMENT": "a6d71375-32e2-48d2-8890-72a431252491", "element-6066-11e4-a52e-4f735466cecf": "a6d71375-32e2-48d2-8890-72a431252491"}}</msg>
<msg timestamp="20201012 16:41:05.369" level="DEBUG">http://127.0.0.1:56261 "POST /session/d97d66c3808716aa038f297af9a42304/frame HTTP/1.1" 200 14</msg>
<msg timestamp="20201012 16:41:05.369" level="DEBUG">Finished Request</msg>
<msg timestamp="20201012 16:41:05.369" level="DEBUG">POST http://127.0.0.1:56261/session/d97d66c3808716aa038f297af9a42304/execute/sync {"script": "return $(\"#RESULT_TextField-4\").get(0)", "args": []}</msg>
<msg timestamp="20201012 16:41:05.373" level="DEBUG">http://127.0.0.1:56261 "POST /session/d97d66c3808716aa038f297af9a42304/execute/sync HTTP/1.1" 200 88</msg>
<msg timestamp="20201012 16:41:05.373" level="DEBUG">Finished Request</msg>
<msg timestamp="20201012 16:41:05.373" level="DEBUG">POST http://127.0.0.1:56261/session/d97d66c3808716aa038f297af9a42304/element/59def9e1-ca0f-4700-a47c-f0ac30bc7211/clear {"id": "59def9e1-ca0f-4700-a47c-f0ac30bc7211"}</msg>
<msg timestamp="20201012 16:41:05.395" level="DEBUG">http://127.0.0.1:56261 "POST /session/d97d66c3808716aa038f297af9a42304/element/59def9e1-ca0f-4700-a47c-f0ac30bc7211/clear HTTP/1.1" 200 14</msg>
<msg timestamp="20201012 16:41:05.395" level="DEBUG">Finished Request</msg>
<msg timestamp="20201012 16:41:05.395" level="DEBUG">POST http://127.0.0.1:56261/session/d97d66c3808716aa038f297af9a42304/element/59def9e1-ca0f-4700-a47c-f0ac30bc7211/value {"text": "America", "value": ["A", "m", "e", "r", "i", "c", "a"], "id": "59def9e1-ca0f-4700-a47c-f0ac30bc7211"}</msg>
<msg timestamp="20201012 16:41:05.424" level="DEBUG">http://127.0.0.1:56261 "POST /session/d97d66c3808716aa038f297af9a42304/element/59def9e1-ca0f-4700-a47c-f0ac30bc7211/value HTTP/1.1" 200 14</msg>
<msg timestamp="20201012 16:41:05.424" level="DEBUG">Finished Request</msg>
<msg timestamp="20201012 16:41:05.425" level="DEBUG">POST http://127.0.0.1:56261/session/d97d66c3808716aa038f297af9a42304/frame {"id": null}</msg>
<msg timestamp="20201012 16:41:05.426" level="DEBUG">http://127.0.0.1:56261 "POST /session/d97d66c3808716aa038f297af9a42304/frame HTTP/1.1" 200 14</msg>
<msg timestamp="20201012 16:41:05.426" level="DEBUG">Finished Request</msg>
<msg timestamp="20201012 16:41:05.426" level="DEBUG">POST http://127.0.0.1:56261/session/d97d66c3808716aa038f297af9a42304/element {"using": "css selector", "value": "[id=\"frame-one1434677811\"]"}</msg>
<msg timestamp="20201012 16:41:05.431" level="DEBUG">http://127.0.0.1:56261 "POST /session/d97d66c3808716aa038f297af9a42304/element HTTP/1.1" 200 88</msg>
<msg timestamp="20201012 16:41:05.431" level="DEBUG">Finished Request</msg>
<msg timestamp="20201012 16:41:05.431" level="DEBUG">POST http://127.0.0.1:56261/session/d97d66c3808716aa038f297af9a42304/frame {"id": {"ELEMENT": "a6d71375-32e2-48d2-8890-72a431252491", "element-6066-11e4-a52e-4f735466cecf": "a6d71375-32e2-48d2-8890-72a431252491"}}</msg>
<msg timestamp="20201012 16:41:05.440" level="DEBUG">http://127.0.0.1:56261 "POST /session/d97d66c3808716aa038f297af9a42304/frame HTTP/1.1" 200 14</msg>
<msg timestamp="20201012 16:41:05.440" level="DEBUG">Finished Request</msg>
<msg timestamp="20201012 16:41:05.441" level="DEBUG">POST http://127.0.0.1:56261/session/d97d66c3808716aa038f297af9a42304/execute/sync {"script": "return $(\"#RESULT_TextField-5\").get(0)", "args": []}</msg>
<msg timestamp="20201012 16:41:05.444" level="DEBUG">http://127.0.0.1:56261 "POST /session/d97d66c3808716aa038f297af9a42304/execute/sync HTTP/1.1" 200 88</msg>
<msg timestamp="20201012 16:41:05.444" level="DEBUG">Finished Request</msg>
<msg timestamp="20201012 16:41:05.444" level="DEBUG">POST http://127.0.0.1:56261/session/d97d66c3808716aa038f297af9a42304/element/a98398fb-3b56-4451-be7e-d3a91ed5c2b4/clear {"id": "a98398fb-3b56-4451-be7e-d3a91ed5c2b4"}</msg>
<msg timestamp="20201012 16:41:05.466" level="DEBUG">http://127.0.0.1:56261 "POST /session/d97d66c3808716aa038f297af9a42304/element/a98398fb-3b56-4451-be7e-d3a91ed5c2b4/clear HTTP/1.1" 200 14</msg>
<msg timestamp="20201012 16:41:05.466" level="DEBUG">Finished Request</msg>
<msg timestamp="20201012 16:41:05.466" level="DEBUG">POST http://127.0.0.1:56261/session/d97d66c3808716aa038f297af9a42304/element/a98398fb-3b56-4451-be7e-d3a91ed5c2b4/value {"text": "New York", "value": ["N", "e", "w", " ", "Y", "o", "r", "k"], "id": "a98398fb-3b56-4451-be7e-d3a91ed5c2b4"}</msg>
<msg timestamp="20201012 16:41:05.496" level="DEBUG">http://127.0.0.1:56261 "POST /session/d97d66c3808716aa038f297af9a42304/element/a98398fb-3b56-4451-be7e-d3a91ed5c2b4/value HTTP/1.1" 200 14</msg>
<msg timestamp="20201012 16:41:05.496" level="DEBUG">Finished Request</msg>
<msg timestamp="20201012 16:41:05.496" level="DEBUG">POST http://127.0.0.1:56261/session/d97d66c3808716aa038f297af9a42304/frame {"id": null}</msg>
<msg timestamp="20201012 16:41:05.498" level="DEBUG">http://127.0.0.1:56261 "POST /session/d97d66c3808716aa038f297af9a42304/frame HTTP/1.1" 200 14</msg>
<msg timestamp="20201012 16:41:05.498" level="DEBUG">Finished Request</msg>
<msg timestamp="20201012 16:41:05.498" level="DEBUG">POST http://127.0.0.1:56261/session/d97d66c3808716aa038f297af9a42304/element {"using": "css selector", "value": "[id=\"frame-one1434677811\"]"}</msg>
<msg timestamp="20201012 16:41:05.504" level="DEBUG">http://127.0.0.1:56261 "POST /session/d97d66c3808716aa038f297af9a42304/element HTTP/1.1" 200 88</msg>
<msg timestamp="20201012 16:41:05.504" level="DEBUG">Finished Request</msg>
<msg timestamp="20201012 16:41:05.504" level="DEBUG">POST http://127.0.0.1:56261/session/d97d66c3808716aa038f297af9a42304/frame {"id": {"ELEMENT": "a6d71375-32e2-48d2-8890-72a431252491", "element-6066-11e4-a52e-4f735466cecf": "a6d71375-32e2-48d2-8890-72a431252491"}}</msg>
<msg timestamp="20201012 16:41:05.559" level="DEBUG">http://127.0.0.1:56261 "POST /session/d97d66c3808716aa038f297af9a42304/frame HTTP/1.1" 200 14</msg>
<msg timestamp="20201012 16:41:05.559" level="DEBUG">Finished Request</msg>
<msg timestamp="20201012 16:41:05.559" level="DEBUG">POST http://127.0.0.1:56261/session/d97d66c3808716aa038f297af9a42304/execute/sync {"script": "return $(\"#RESULT_TextField-6\").get(0)", "args": []}</msg>
<msg timestamp="20201012 16:41:05.563" level="DEBUG">http://127.0.0.1:56261 "POST /session/d97d66c3808716aa038f297af9a42304/execute/sync HTTP/1.1" 200 88</msg>
<msg timestamp="20201012 16:41:05.563" level="DEBUG">Finished Request</msg>
<msg timestamp="20201012 16:41:05.563" level="DEBUG">POST http://127.0.0.1:56261/session/d97d66c3808716aa038f297af9a42304/element/1223e84a-9e94-4047-961d-26b8eab33cdc/clear {"id": "1223e84a-9e94-4047-961d-26b8eab33cdc"}</msg>
<msg timestamp="20201012 16:41:05.586" level="DEBUG">http://127.0.0.1:56261 "POST /session/d97d66c3808716aa038f297af9a42304/element/1223e84a-9e94-4047-961d-26b8eab33cdc/clear HTTP/1.1" 200 14</msg>
<msg timestamp="20201012 16:41:05.587" level="DEBUG">Finished Request</msg>
<msg timestamp="20201012 16:41:05.587" level="DEBUG">POST http://127.0.0.1:56261/session/d97d66c3808716aa038f297af9a42304/element/1223e84a-9e94-4047-961d-26b8eab33cdc/value {"text": "tony.stark@gmail.com", "value": ["t", "o", "n", "y", ".", "s", "t", "a", "r", "k", "@", "g", "m", "a", "i", "l", ".", "c", "o", "m"], "id": "1223e84a-9e94-4047-961d-26b8eab33cdc"}</msg>
<msg timestamp="20201012 16:41:05.624" level="DEBUG">http://127.0.0.1:56261 "POST /session/d97d66c3808716aa038f297af9a42304/element/1223e84a-9e94-4047-961d-26b8eab33cdc/value HTTP/1.1" 200 14</msg>
<msg timestamp="20201012 16:41:05.624" level="DEBUG">Finished Request</msg>
<msg timestamp="20201012 16:41:05.624" level="DEBUG">POST http://127.0.0.1:56261/session/d97d66c3808716aa038f297af9a42304/frame {"id": null}</msg>
<msg timestamp="20201012 16:41:05.626" level="DEBUG">http://127.0.0.1:56261 "POST /session/d97d66c3808716aa038f297af9a42304/frame HTTP/1.1" 200 14</msg>
<msg timestamp="20201012 16:41:05.626" level="DEBUG">Finished Request</msg>
<msg timestamp="20201012 16:41:05.626" level="DEBUG">POST http://127.0.0.1:56261/session/d97d66c3808716aa038f297af9a42304/element {"using": "css selector", "value": "[id=\"frame-one1434677811\"]"}</msg>
<msg timestamp="20201012 16:41:05.631" level="DEBUG">http://127.0.0.1:56261 "POST /session/d97d66c3808716aa038f297af9a42304/element HTTP/1.1" 200 88</msg>
<msg timestamp="20201012 16:41:05.631" level="DEBUG">Finished Request</msg>
<msg timestamp="20201012 16:41:05.631" level="DEBUG">POST http://127.0.0.1:56261/session/d97d66c3808716aa038f297af9a42304/frame {"id": {"ELEMENT": "a6d71375-32e2-48d2-8890-72a431252491", "element-6066-11e4-a52e-4f735466cecf": "a6d71375-32e2-48d2-8890-72a431252491"}}</msg>
<msg timestamp="20201012 16:41:05.641" level="DEBUG">http://127.0.0.1:56261 "POST /session/d97d66c3808716aa038f297af9a42304/frame HTTP/1.1" 200 14</msg>
<msg timestamp="20201012 16:41:05.641" level="DEBUG">Finished Request</msg>
<msg timestamp="20201012 16:41:05.641" level="DEBUG">POST http://127.0.0.1:56261/session/d97d66c3808716aa038f297af9a42304/execute/sync {"script": "return $(\"#RESULT_TextField-1\").get(0)", "args": []}</msg>
<msg timestamp="20201012 16:41:05.644" level="DEBUG">http://127.0.0.1:56261 "POST /session/d97d66c3808716aa038f297af9a42304/execute/sync HTTP/1.1" 200 88</msg>
<msg timestamp="20201012 16:41:05.644" level="DEBUG">Finished Request</msg>
<msg timestamp="20201012 16:41:05.644" level="DEBUG">POST http://127.0.0.1:56261/session/d97d66c3808716aa038f297af9a42304/execute/sync {"script": "return (function(){return function(){var d=this;function f(a){return\"string\"==typeof a};function h(a,b){this.code=a;this.a=l[a]||m;this.message=b||\"\";a=this.a.replace(/((?:^|\\s+)[a-z])/g,function(a){return a.toUpperCase().replace(/^[\\s\\xa0]+/g,\"\")});b=a.length-5;if(0&gt;b||a.indexOf(\"Error\",b)!=b)a+=\"Error\";this.name=a;a=Error(this.message);a.name=this.name;this.stack=a.stack||\"\"}\n(function(){var a=Error;function b(){}b.prototype=a.prototype;h.b=a.prototype;h.prototype=new b;h.prototype.constructor=h;h.a=function(b,c,g){for(var e=Array(arguments.length-2),k=2;k&lt;arguments.length;k++)e[k-2]=arguments[k];return a.prototype[c].apply(b,e)}})();var m=\"unknown error\",l={15:\"element not selectable\",11:\"element not visible\"};l[31]=m;l[30]=m;l[24]=\"invalid cookie domain\";l[29]=\"invalid element coordinates\";l[12]=\"invalid element state\";l[32]=\"invalid selector\";l[51]=\"invalid selector\";\nl[52]=\"invalid selector\";l[17]=\"javascript error\";l[405]=\"unsupported operation\";l[34]=\"move target out of bounds\";l[27]=\"no such alert\";l[7]=\"no such element\";l[8]=\"no such frame\";l[23]=\"no such window\";l[28]=\"script timeout\";l[33]=\"session not created\";l[10]=\"stale element reference\";l[21]=\"timeout\";l[25]=\"unable to set cookie\";l[26]=\"unexpected alert open\";l[13]=m;l[9]=\"unknown command\";h.prototype.toString=function(){return this.name+\": \"+this.message};var n;a:{var p=d.navigator;if(p){var q=p.userAgent;if(q){n=q;break a}}n=\"\"}function r(a){return-1!=n.indexOf(a)};function t(a,b){for(var e=a.length,c=f(a)?a.split(\"\"):a,g=0;g&lt;e;g++)g in c&amp;&amp;b.call(void 0,c[g],g,a)};function v(){return r(\"iPhone\")&amp;&amp;!r(\"iPod\")&amp;&amp;!r(\"iPad\")};function w(){return(r(\"Chrome\")||r(\"CriOS\"))&amp;&amp;!r(\"Edge\")};var x=r(\"Opera\"),y=r(\"Trident\")||r(\"MSIE\"),z=r(\"Edge\"),A=r(\"Gecko\")&amp;&amp;!(-1!=n.toLowerCase().indexOf(\"webkit\")&amp;&amp;!r(\"Edge\"))&amp;&amp;!(r(\"Trident\")||r(\"MSIE\"))&amp;&amp;!r(\"Edge\"),aa=-1!=n.toLowerCase().indexOf(\"webkit\")&amp;&amp;!r(\"Edge\");function B(){var a=d.document;return a?a.documentMode:void 0}var C;\na:{var D=\"\",E=function(){var a=n;if(A)return/rv\\:([^\\);]+)(\\)|;)/.exec(a);if(z)return/Edge\\/([\\d\\.]+)/.exec(a);if(y)return/\\b(?:MSIE|rv)[: ]([^\\);]+)(\\)|;)/.exec(a);if(aa)return/WebKit\\/(\\S+)/.exec(a);if(x)return/(?:Version)[ \\/]?(\\S+)/.exec(a)}();E&amp;&amp;(D=E?E[1]:\"\");if(y){var F=B();if(null!=F&amp;&amp;F&gt;parseFloat(D)){C=String(F);break a}}C=D}var G;var H=d.document;G=H&amp;&amp;y?B()||(\"CSS1Compat\"==H.compatMode?parseInt(C,10):5):void 0;var ba=r(\"Firefox\"),ca=v()||r(\"iPod\"),da=r(\"iPad\"),I=r(\"Android\")&amp;&amp;!(w()||r(\"Firefox\")||r(\"Opera\")||r(\"Silk\")),ea=w(),J=r(\"Safari\")&amp;&amp;!(w()||r(\"Coast\")||r(\"Opera\")||r(\"Edge\")||r(\"Silk\")||r(\"Android\"))&amp;&amp;!(v()||r(\"iPad\")||r(\"iPod\"));function K(a){return(a=a.exec(n))?a[1]:\"\"}(function(){if(ba)return K(/Firefox\\/([0-9.]+)/);if(y||z||x)return C;if(ea)return v()||r(\"iPad\")||r(\"iPod\")?K(/CriOS\\/([0-9.]+)/):K(/Chrome\\/([0-9.]+)/);if(J&amp;&amp;!(v()||r(\"iPad\")||r(\"iPod\")))return K(/Version\\/([0-9.]+)/);if(ca||da){var a=/Version\\/(\\S+).*Mobile\\/(\\S+)/.exec(n);if(a)return a[1]+\".\"+a[2]}else if(I)return(a=K(/Android\\s+([0-9.]+)/))?a:K(/Version\\/([0-9.]+)/);return\"\"})();var L,M=function(){if(!A)return!1;var a=d.Components;if(!a)return!1;try{if(!a.classes)return!1}catch(g){return!1}var b=a.classes,a=a.interfaces,e=b[\"@mozilla.org/xpcom/version-comparator;1\"].getService(a.nsIVersionComparator),c=b[\"@mozilla.org/xre/app-info;1\"].getService(a.nsIXULAppInfo).version;L=function(a){e.compare(c,\"\"+a)};return!0}(),N=y&amp;&amp;!(8&lt;=Number(G)),fa=y&amp;&amp;!(9&lt;=Number(G));I&amp;&amp;M&amp;&amp;L(2.3);I&amp;&amp;M&amp;&amp;L(4);J&amp;&amp;M&amp;&amp;L(6);var ga={SCRIPT:1,STYLE:1,HEAD:1,IFRAME:1,OBJECT:1},O={IMG:\" \",BR:\"\\n\"};function P(a,b,e){if(!(a.nodeName in ga))if(3==a.nodeType)e?b.push(String(a.nodeValue).replace(/(\\r\\n|\\r|\\n)/g,\"\")):b.push(a.nodeValue);else if(a.nodeName in O)b.push(O[a.nodeName]);else for(a=a.firstChild;a;)P(a,b,e),a=a.nextSibling};function Q(a,b){b=b.toLowerCase();return\"style\"==b?ha(a.style.cssText):N&amp;&amp;\"value\"==b&amp;&amp;R(a,\"INPUT\")?a.value:fa&amp;&amp;!0===a[b]?String(a.getAttribute(b)):(a=a.getAttributeNode(b))&amp;&amp;a.specified?a.value:null}var ia=/[;]+(?=(?:(?:[^\"]*\"){2})*[^\"]*$)(?=(?:(?:[^']*'){2})*[^']*$)(?=(?:[^()]*\\([^()]*\\))*[^()]*$)/;\nfunction ha(a){var b=[];t(a.split(ia),function(a){var c=a.indexOf(\":\");0&lt;c&amp;&amp;(a=[a.slice(0,c),a.slice(c+1)],2==a.length&amp;&amp;b.push(a[0].toLowerCase(),\":\",a[1],\";\"))});b=b.join(\"\");return b=\";\"==b.charAt(b.length-1)?b:b+\";\"}function S(a,b){N&amp;&amp;\"value\"==b&amp;&amp;R(a,\"OPTION\")&amp;&amp;null===Q(a,\"value\")?(b=[],P(a,b,!1),a=b.join(\"\")):a=a[b];return a}function R(a,b){b&amp;&amp;\"string\"!==typeof b&amp;&amp;(b=b.toString());return!!a&amp;&amp;1==a.nodeType&amp;&amp;(!b||a.tagName.toUpperCase()==b)}\nfunction T(a){return R(a,\"OPTION\")?!0:R(a,\"INPUT\")?(a=a.type.toLowerCase(),\"checkbox\"==a||\"radio\"==a):!1};var ja={\"class\":\"className\",readonly:\"readOnly\"},U=\"allowfullscreen allowpaymentrequest allowusermedia async autofocus autoplay checked compact complete controls declare default defaultchecked defaultselected defer disabled ended formnovalidate hidden indeterminate iscontenteditable ismap itemscope loop multiple muted nohref nomodule noresize noshade novalidate nowrap open paused playsinline pubdate readonly required reversed scoped seamless seeking selected truespeed typemustmatch willvalidate\".split(\" \");function V(a,b){var e=null,c=b.toLowerCase();if(\"style\"==c)return(e=a.style)&amp;&amp;!f(e)&amp;&amp;(e=e.cssText),e;if((\"selected\"==c||\"checked\"==c)&amp;&amp;T(a)){if(!T(a))throw new h(15,\"Element is not selectable\");b=\"selected\";e=a.type&amp;&amp;a.type.toLowerCase();if(\"checkbox\"==e||\"radio\"==e)b=\"checked\";return S(a,b)?\"true\":null}var g=R(a,\"A\");if(R(a,\"IMG\")&amp;&amp;\"src\"==c||g&amp;&amp;\"href\"==c)return(e=Q(a,c))&amp;&amp;(e=S(a,c)),e;if(\"spellcheck\"==c){e=Q(a,c);if(null!==e){if(\"false\"==e.toLowerCase())return\"false\";if(\"true\"==e.toLowerCase())return\"true\"}return S(a,\nc)+\"\"}g=ja[b]||b;a:if(f(U))c=f(c)&amp;&amp;1==c.length?U.indexOf(c,0):-1;else{for(var u=0;u&lt;U.length;u++)if(u in U&amp;&amp;U[u]===c){c=u;break a}c=-1}if(0&lt;=c)return(e=null!==Q(a,b)||S(a,g))?\"true\":null;try{var k=S(a,g)}catch(ka){}(c=null==k)||(c=typeof k,c=\"object\"==c&amp;&amp;null!=k||\"function\"==c);c?e=Q(a,b):e=k;return null!=e?e.toString():null}var W=[\"_\"],X=d;W[0]in X||!X.execScript||X.execScript(\"var \"+W[0]);\nfor(var Y;W.length&amp;&amp;(Y=W.shift());){var Z;if(Z=!W.length)Z=void 0!==V;Z?X[Y]=V:X[Y]&amp;&amp;X[Y]!==Object.prototype[Y]?X=X[Y]:X=X[Y]={}};; return this._.apply(null,arguments);}.apply({navigator:typeof window!='undefined'?window.navigator:null,document:typeof window!='undefined'?window.document:null}, arguments);}\n).apply(null, arguments);", "args": [{"ELEMENT": "39960587-98af-4bc7-805f-cdb683487a4c", "element-6066-11e4-a52e-4f735466cecf": "39960587-98af-4bc7-805f-cdb683487a4c"}, "value"]}</msg>
<msg timestamp="20201012 16:41:05.648" level="DEBUG">http://127.0.0.1:56261 "POST /session/d97d66c3808716aa038f297af9a42304/execute/sync HTTP/1.1" 200 26</msg>
<msg timestamp="20201012 16:41:05.649" level="DEBUG">Finished Request</msg>
<msg timestamp="20201012 16:41:05.649" level="DEBUG">POST http://127.0.0.1:56261/session/d97d66c3808716aa038f297af9a42304/frame {"id": null}</msg>
<msg timestamp="20201012 16:41:05.651" level="DEBUG">http://127.0.0.1:56261 "POST /session/d97d66c3808716aa038f297af9a42304/frame HTTP/1.1" 200 14</msg>
<msg timestamp="20201012 16:41:05.651" level="DEBUG">Finished Request</msg>
<msg timestamp="20201012 16:41:05.651" level="DEBUG">POST http://127.0.0.1:56261/session/d97d66c3808716aa038f297af9a42304/element {"using": "css selector", "value": "[id=\"frame-one1434677811\"]"}</msg>
<msg timestamp="20201012 16:41:05.656" level="DEBUG">http://127.0.0.1:56261 "POST /session/d97d66c3808716aa038f297af9a42304/element HTTP/1.1" 200 88</msg>
<msg timestamp="20201012 16:41:05.656" level="DEBUG">Finished Request</msg>
<msg timestamp="20201012 16:41:05.656" level="DEBUG">POST http://127.0.0.1:56261/session/d97d66c3808716aa038f297af9a42304/frame {"id": {"ELEMENT": "a6d71375-32e2-48d2-8890-72a431252491", "element-6066-11e4-a52e-4f735466cecf": "a6d71375-32e2-48d2-8890-72a431252491"}}</msg>
<msg timestamp="20201012 16:41:05.665" level="DEBUG">http://127.0.0.1:56261 "POST /session/d97d66c3808716aa038f297af9a42304/frame HTTP/1.1" 200 14</msg>
<msg timestamp="20201012 16:41:05.665" level="DEBUG">Finished Request</msg>
<msg timestamp="20201012 16:41:05.665" level="DEBUG">POST http://127.0.0.1:56261/session/d97d66c3808716aa038f297af9a42304/execute/sync {"script": "return $(\"#RESULT_TextField-2\").get(0)", "args": []}</msg>
<msg timestamp="20201012 16:41:05.669" level="DEBUG">http://127.0.0.1:56261 "POST /session/d97d66c3808716aa038f297af9a42304/execute/sync HTTP/1.1" 200 88</msg>
<msg timestamp="20201012 16:41:05.669" level="DEBUG">Finished Request</msg>
<msg timestamp="20201012 16:41:05.669" level="DEBUG">POST http://127.0.0.1:56261/session/d97d66c3808716aa038f297af9a42304/execute/sync {"script": "return (function(){return function(){var d=this;function f(a){return\"string\"==typeof a};function h(a,b){this.code=a;this.a=l[a]||m;this.message=b||\"\";a=this.a.replace(/((?:^|\\s+)[a-z])/g,function(a){return a.toUpperCase().replace(/^[\\s\\xa0]+/g,\"\")});b=a.length-5;if(0&gt;b||a.indexOf(\"Error\",b)!=b)a+=\"Error\";this.name=a;a=Error(this.message);a.name=this.name;this.stack=a.stack||\"\"}\n(function(){var a=Error;function b(){}b.prototype=a.prototype;h.b=a.prototype;h.prototype=new b;h.prototype.constructor=h;h.a=function(b,c,g){for(var e=Array(arguments.length-2),k=2;k&lt;arguments.length;k++)e[k-2]=arguments[k];return a.prototype[c].apply(b,e)}})();var m=\"unknown error\",l={15:\"element not selectable\",11:\"element not visible\"};l[31]=m;l[30]=m;l[24]=\"invalid cookie domain\";l[29]=\"invalid element coordinates\";l[12]=\"invalid element state\";l[32]=\"invalid selector\";l[51]=\"invalid selector\";\nl[52]=\"invalid selector\";l[17]=\"javascript error\";l[405]=\"unsupported operation\";l[34]=\"move target out of bounds\";l[27]=\"no such alert\";l[7]=\"no such element\";l[8]=\"no such frame\";l[23]=\"no such window\";l[28]=\"script timeout\";l[33]=\"session not created\";l[10]=\"stale element reference\";l[21]=\"timeout\";l[25]=\"unable to set cookie\";l[26]=\"unexpected alert open\";l[13]=m;l[9]=\"unknown command\";h.prototype.toString=function(){return this.name+\": \"+this.message};var n;a:{var p=d.navigator;if(p){var q=p.userAgent;if(q){n=q;break a}}n=\"\"}function r(a){return-1!=n.indexOf(a)};function t(a,b){for(var e=a.length,c=f(a)?a.split(\"\"):a,g=0;g&lt;e;g++)g in c&amp;&amp;b.call(void 0,c[g],g,a)};function v(){return r(\"iPhone\")&amp;&amp;!r(\"iPod\")&amp;&amp;!r(\"iPad\")};function w(){return(r(\"Chrome\")||r(\"CriOS\"))&amp;&amp;!r(\"Edge\")};var x=r(\"Opera\"),y=r(\"Trident\")||r(\"MSIE\"),z=r(\"Edge\"),A=r(\"Gecko\")&amp;&amp;!(-1!=n.toLowerCase().indexOf(\"webkit\")&amp;&amp;!r(\"Edge\"))&amp;&amp;!(r(\"Trident\")||r(\"MSIE\"))&amp;&amp;!r(\"Edge\"),aa=-1!=n.toLowerCase().indexOf(\"webkit\")&amp;&amp;!r(\"Edge\");function B(){var a=d.document;return a?a.documentMode:void 0}var C;\na:{var D=\"\",E=function(){var a=n;if(A)return/rv\\:([^\\);]+)(\\)|;)/.exec(a);if(z)return/Edge\\/([\\d\\.]+)/.exec(a);if(y)return/\\b(?:MSIE|rv)[: ]([^\\);]+)(\\)|;)/.exec(a);if(aa)return/WebKit\\/(\\S+)/.exec(a);if(x)return/(?:Version)[ \\/]?(\\S+)/.exec(a)}();E&amp;&amp;(D=E?E[1]:\"\");if(y){var F=B();if(null!=F&amp;&amp;F&gt;parseFloat(D)){C=String(F);break a}}C=D}var G;var H=d.document;G=H&amp;&amp;y?B()||(\"CSS1Compat\"==H.compatMode?parseInt(C,10):5):void 0;var ba=r(\"Firefox\"),ca=v()||r(\"iPod\"),da=r(\"iPad\"),I=r(\"Android\")&amp;&amp;!(w()||r(\"Firefox\")||r(\"Opera\")||r(\"Silk\")),ea=w(),J=r(\"Safari\")&amp;&amp;!(w()||r(\"Coast\")||r(\"Opera\")||r(\"Edge\")||r(\"Silk\")||r(\"Android\"))&amp;&amp;!(v()||r(\"iPad\")||r(\"iPod\"));function K(a){return(a=a.exec(n))?a[1]:\"\"}(function(){if(ba)return K(/Firefox\\/([0-9.]+)/);if(y||z||x)return C;if(ea)return v()||r(\"iPad\")||r(\"iPod\")?K(/CriOS\\/([0-9.]+)/):K(/Chrome\\/([0-9.]+)/);if(J&amp;&amp;!(v()||r(\"iPad\")||r(\"iPod\")))return K(/Version\\/([0-9.]+)/);if(ca||da){var a=/Version\\/(\\S+).*Mobile\\/(\\S+)/.exec(n);if(a)return a[1]+\".\"+a[2]}else if(I)return(a=K(/Android\\s+([0-9.]+)/))?a:K(/Version\\/([0-9.]+)/);return\"\"})();var L,M=function(){if(!A)return!1;var a=d.Components;if(!a)return!1;try{if(!a.classes)return!1}catch(g){return!1}var b=a.classes,a=a.interfaces,e=b[\"@mozilla.org/xpcom/version-comparator;1\"].getService(a.nsIVersionComparator),c=b[\"@mozilla.org/xre/app-info;1\"].getService(a.nsIXULAppInfo).version;L=function(a){e.compare(c,\"\"+a)};return!0}(),N=y&amp;&amp;!(8&lt;=Number(G)),fa=y&amp;&amp;!(9&lt;=Number(G));I&amp;&amp;M&amp;&amp;L(2.3);I&amp;&amp;M&amp;&amp;L(4);J&amp;&amp;M&amp;&amp;L(6);var ga={SCRIPT:1,STYLE:1,HEAD:1,IFRAME:1,OBJECT:1},O={IMG:\" \",BR:\"\\n\"};function P(a,b,e){if(!(a.nodeName in ga))if(3==a.nodeType)e?b.push(String(a.nodeValue).replace(/(\\r\\n|\\r|\\n)/g,\"\")):b.push(a.nodeValue);else if(a.nodeName in O)b.push(O[a.nodeName]);else for(a=a.firstChild;a;)P(a,b,e),a=a.nextSibling};function Q(a,b){b=b.toLowerCase();return\"style\"==b?ha(a.style.cssText):N&amp;&amp;\"value\"==b&amp;&amp;R(a,\"INPUT\")?a.value:fa&amp;&amp;!0===a[b]?String(a.getAttribute(b)):(a=a.getAttributeNode(b))&amp;&amp;a.specified?a.value:null}var ia=/[;]+(?=(?:(?:[^\"]*\"){2})*[^\"]*$)(?=(?:(?:[^']*'){2})*[^']*$)(?=(?:[^()]*\\([^()]*\\))*[^()]*$)/;\nfunction ha(a){var b=[];t(a.split(ia),function(a){var c=a.indexOf(\":\");0&lt;c&amp;&amp;(a=[a.slice(0,c),a.slice(c+1)],2==a.length&amp;&amp;b.push(a[0].toLowerCase(),\":\",a[1],\";\"))});b=b.join(\"\");return b=\";\"==b.charAt(b.length-1)?b:b+\";\"}function S(a,b){N&amp;&amp;\"value\"==b&amp;&amp;R(a,\"OPTION\")&amp;&amp;null===Q(a,\"value\")?(b=[],P(a,b,!1),a=b.join(\"\")):a=a[b];return a}function R(a,b){b&amp;&amp;\"string\"!==typeof b&amp;&amp;(b=b.toString());return!!a&amp;&amp;1==a.nodeType&amp;&amp;(!b||a.tagName.toUpperCase()==b)}\nfunction T(a){return R(a,\"OPTION\")?!0:R(a,\"INPUT\")?(a=a.type.toLowerCase(),\"checkbox\"==a||\"radio\"==a):!1};var ja={\"class\":\"className\",readonly:\"readOnly\"},U=\"allowfullscreen allowpaymentrequest allowusermedia async autofocus autoplay checked compact complete controls declare default defaultchecked defaultselected defer disabled ended formnovalidate hidden indeterminate iscontenteditable ismap itemscope loop multiple muted nohref nomodule noresize noshade novalidate nowrap open paused playsinline pubdate readonly required reversed scoped seamless seeking selected truespeed typemustmatch willvalidate\".split(\" \");function V(a,b){var e=null,c=b.toLowerCase();if(\"style\"==c)return(e=a.style)&amp;&amp;!f(e)&amp;&amp;(e=e.cssText),e;if((\"selected\"==c||\"checked\"==c)&amp;&amp;T(a)){if(!T(a))throw new h(15,\"Element is not selectable\");b=\"selected\";e=a.type&amp;&amp;a.type.toLowerCase();if(\"checkbox\"==e||\"radio\"==e)b=\"checked\";return S(a,b)?\"true\":null}var g=R(a,\"A\");if(R(a,\"IMG\")&amp;&amp;\"src\"==c||g&amp;&amp;\"href\"==c)return(e=Q(a,c))&amp;&amp;(e=S(a,c)),e;if(\"spellcheck\"==c){e=Q(a,c);if(null!==e){if(\"false\"==e.toLowerCase())return\"false\";if(\"true\"==e.toLowerCase())return\"true\"}return S(a,\nc)+\"\"}g=ja[b]||b;a:if(f(U))c=f(c)&amp;&amp;1==c.length?U.indexOf(c,0):-1;else{for(var u=0;u&lt;U.length;u++)if(u in U&amp;&amp;U[u]===c){c=u;break a}c=-1}if(0&lt;=c)return(e=null!==Q(a,b)||S(a,g))?\"true\":null;try{var k=S(a,g)}catch(ka){}(c=null==k)||(c=typeof k,c=\"object\"==c&amp;&amp;null!=k||\"function\"==c);c?e=Q(a,b):e=k;return null!=e?e.toString():null}var W=[\"_\"],X=d;W[0]in X||!X.execScript||X.execScript(\"var \"+W[0]);\nfor(var Y;W.length&amp;&amp;(Y=W.shift());){var Z;if(Z=!W.length)Z=void 0!==V;Z?X[Y]=V:X[Y]&amp;&amp;X[Y]!==Object.prototype[Y]?X=X[Y]:X=X[Y]={}};; return this._.apply(null,arguments);}.apply({navigator:typeof window!='undefined'?window.navigator:null,document:typeof window!='undefined'?window.document:null}, arguments);}\n).apply(null, arguments);", "args": [{"ELEMENT": "5cc76f7f-61a4-4ca1-a616-2924fe522493", "element-6066-11e4-a52e-4f735466cecf": "5cc76f7f-61a4-4ca1-a616-2924fe522493"}, "value"]}</msg>
<msg timestamp="20201012 16:41:05.674" level="DEBUG">http://127.0.0.1:56261 "POST /session/d97d66c3808716aa038f297af9a42304/execute/sync HTTP/1.1" 200 17</msg>
<msg timestamp="20201012 16:41:05.674" level="DEBUG">Finished Request</msg>
<msg timestamp="20201012 16:41:05.674" level="DEBUG">POST http://127.0.0.1:56261/session/d97d66c3808716aa038f297af9a42304/frame {"id": null}</msg>
<msg timestamp="20201012 16:41:05.676" level="DEBUG">http://127.0.0.1:56261 "POST /session/d97d66c3808716aa038f297af9a42304/frame HTTP/1.1" 200 14</msg>
<msg timestamp="20201012 16:41:05.676" level="DEBUG">Finished Request</msg>
<msg timestamp="20201012 16:41:05.676" level="DEBUG">POST http://127.0.0.1:56261/session/d97d66c3808716aa038f297af9a42304/element {"using": "css selector", "value": "[id=\"frame-one1434677811\"]"}</msg>
<msg timestamp="20201012 16:41:05.681" level="DEBUG">http://127.0.0.1:56261 "POST /session/d97d66c3808716aa038f297af9a42304/element HTTP/1.1" 200 88</msg>
<msg timestamp="20201012 16:41:05.681" level="DEBUG">Finished Request</msg>
<msg timestamp="20201012 16:41:05.681" level="DEBUG">POST http://127.0.0.1:56261/session/d97d66c3808716aa038f297af9a42304/frame {"id": {"ELEMENT": "a6d71375-32e2-48d2-8890-72a431252491", "element-6066-11e4-a52e-4f735466cecf": "a6d71375-32e2-48d2-8890-72a431252491"}}</msg>
<msg timestamp="20201012 16:41:05.690" level="DEBUG">http://127.0.0.1:56261 "POST /session/d97d66c3808716aa038f297af9a42304/frame HTTP/1.1" 200 14</msg>
<msg timestamp="20201012 16:41:05.691" level="DEBUG">Finished Request</msg>
<msg timestamp="20201012 16:41:05.691" level="DEBUG">POST http://127.0.0.1:56261/session/d97d66c3808716aa038f297af9a42304/execute/sync {"script": "return $(\"#RESULT_TextField-3\").get(0)", "args": []}</msg>
<msg timestamp="20201012 16:41:05.693" level="DEBUG">http://127.0.0.1:56261 "POST /session/d97d66c3808716aa038f297af9a42304/execute/sync HTTP/1.1" 200 88</msg>
<msg timestamp="20201012 16:41:05.693" level="DEBUG">Finished Request</msg>
<msg timestamp="20201012 16:41:05.694" level="DEBUG">POST http://127.0.0.1:56261/session/d97d66c3808716aa038f297af9a42304/execute/sync {"script": "return (function(){return function(){var d=this;function f(a){return\"string\"==typeof a};function h(a,b){this.code=a;this.a=l[a]||m;this.message=b||\"\";a=this.a.replace(/((?:^|\\s+)[a-z])/g,function(a){return a.toUpperCase().replace(/^[\\s\\xa0]+/g,\"\")});b=a.length-5;if(0&gt;b||a.indexOf(\"Error\",b)!=b)a+=\"Error\";this.name=a;a=Error(this.message);a.name=this.name;this.stack=a.stack||\"\"}\n(function(){var a=Error;function b(){}b.prototype=a.prototype;h.b=a.prototype;h.prototype=new b;h.prototype.constructor=h;h.a=function(b,c,g){for(var e=Array(arguments.length-2),k=2;k&lt;arguments.length;k++)e[k-2]=arguments[k];return a.prototype[c].apply(b,e)}})();var m=\"unknown error\",l={15:\"element not selectable\",11:\"element not visible\"};l[31]=m;l[30]=m;l[24]=\"invalid cookie domain\";l[29]=\"invalid element coordinates\";l[12]=\"invalid element state\";l[32]=\"invalid selector\";l[51]=\"invalid selector\";\nl[52]=\"invalid selector\";l[17]=\"javascript error\";l[405]=\"unsupported operation\";l[34]=\"move target out of bounds\";l[27]=\"no such alert\";l[7]=\"no such element\";l[8]=\"no such frame\";l[23]=\"no such window\";l[28]=\"script timeout\";l[33]=\"session not created\";l[10]=\"stale element reference\";l[21]=\"timeout\";l[25]=\"unable to set cookie\";l[26]=\"unexpected alert open\";l[13]=m;l[9]=\"unknown command\";h.prototype.toString=function(){return this.name+\": \"+this.message};var n;a:{var p=d.navigator;if(p){var q=p.userAgent;if(q){n=q;break a}}n=\"\"}function r(a){return-1!=n.indexOf(a)};function t(a,b){for(var e=a.length,c=f(a)?a.split(\"\"):a,g=0;g&lt;e;g++)g in c&amp;&amp;b.call(void 0,c[g],g,a)};function v(){return r(\"iPhone\")&amp;&amp;!r(\"iPod\")&amp;&amp;!r(\"iPad\")};function w(){return(r(\"Chrome\")||r(\"CriOS\"))&amp;&amp;!r(\"Edge\")};var x=r(\"Opera\"),y=r(\"Trident\")||r(\"MSIE\"),z=r(\"Edge\"),A=r(\"Gecko\")&amp;&amp;!(-1!=n.toLowerCase().indexOf(\"webkit\")&amp;&amp;!r(\"Edge\"))&amp;&amp;!(r(\"Trident\")||r(\"MSIE\"))&amp;&amp;!r(\"Edge\"),aa=-1!=n.toLowerCase().indexOf(\"webkit\")&amp;&amp;!r(\"Edge\");function B(){var a=d.document;return a?a.documentMode:void 0}var C;\na:{var D=\"\",E=function(){var a=n;if(A)return/rv\\:([^\\);]+)(\\)|;)/.exec(a);if(z)return/Edge\\/([\\d\\.]+)/.exec(a);if(y)return/\\b(?:MSIE|rv)[: ]([^\\);]+)(\\)|;)/.exec(a);if(aa)return/WebKit\\/(\\S+)/.exec(a);if(x)return/(?:Version)[ \\/]?(\\S+)/.exec(a)}();E&amp;&amp;(D=E?E[1]:\"\");if(y){var F=B();if(null!=F&amp;&amp;F&gt;parseFloat(D)){C=String(F);break a}}C=D}var G;var H=d.document;G=H&amp;&amp;y?B()||(\"CSS1Compat\"==H.compatMode?parseInt(C,10):5):void 0;var ba=r(\"Firefox\"),ca=v()||r(\"iPod\"),da=r(\"iPad\"),I=r(\"Android\")&amp;&amp;!(w()||r(\"Firefox\")||r(\"Opera\")||r(\"Silk\")),ea=w(),J=r(\"Safari\")&amp;&amp;!(w()||r(\"Coast\")||r(\"Opera\")||r(\"Edge\")||r(\"Silk\")||r(\"Android\"))&amp;&amp;!(v()||r(\"iPad\")||r(\"iPod\"));function K(a){return(a=a.exec(n))?a[1]:\"\"}(function(){if(ba)return K(/Firefox\\/([0-9.]+)/);if(y||z||x)return C;if(ea)return v()||r(\"iPad\")||r(\"iPod\")?K(/CriOS\\/([0-9.]+)/):K(/Chrome\\/([0-9.]+)/);if(J&amp;&amp;!(v()||r(\"iPad\")||r(\"iPod\")))return K(/Version\\/([0-9.]+)/);if(ca||da){var a=/Version\\/(\\S+).*Mobile\\/(\\S+)/.exec(n);if(a)return a[1]+\".\"+a[2]}else if(I)return(a=K(/Android\\s+([0-9.]+)/))?a:K(/Version\\/([0-9.]+)/);return\"\"})();var L,M=function(){if(!A)return!1;var a=d.Components;if(!a)return!1;try{if(!a.classes)return!1}catch(g){return!1}var b=a.classes,a=a.interfaces,e=b[\"@mozilla.org/xpcom/version-comparator;1\"].getService(a.nsIVersionComparator),c=b[\"@mozilla.org/xre/app-info;1\"].getService(a.nsIXULAppInfo).version;L=function(a){e.compare(c,\"\"+a)};return!0}(),N=y&amp;&amp;!(8&lt;=Number(G)),fa=y&amp;&amp;!(9&lt;=Number(G));I&amp;&amp;M&amp;&amp;L(2.3);I&amp;&amp;M&amp;&amp;L(4);J&amp;&amp;M&amp;&amp;L(6);var ga={SCRIPT:1,STYLE:1,HEAD:1,IFRAME:1,OBJECT:1},O={IMG:\" \",BR:\"\\n\"};function P(a,b,e){if(!(a.nodeName in ga))if(3==a.nodeType)e?b.push(String(a.nodeValue).replace(/(\\r\\n|\\r|\\n)/g,\"\")):b.push(a.nodeValue);else if(a.nodeName in O)b.push(O[a.nodeName]);else for(a=a.firstChild;a;)P(a,b,e),a=a.nextSibling};function Q(a,b){b=b.toLowerCase();return\"style\"==b?ha(a.style.cssText):N&amp;&amp;\"value\"==b&amp;&amp;R(a,\"INPUT\")?a.value:fa&amp;&amp;!0===a[b]?String(a.getAttribute(b)):(a=a.getAttributeNode(b))&amp;&amp;a.specified?a.value:null}var ia=/[;]+(?=(?:(?:[^\"]*\"){2})*[^\"]*$)(?=(?:(?:[^']*'){2})*[^']*$)(?=(?:[^()]*\\([^()]*\\))*[^()]*$)/;\nfunction ha(a){var b=[];t(a.split(ia),function(a){var c=a.indexOf(\":\");0&lt;c&amp;&amp;(a=[a.slice(0,c),a.slice(c+1)],2==a.length&amp;&amp;b.push(a[0].toLowerCase(),\":\",a[1],\";\"))});b=b.join(\"\");return b=\";\"==b.charAt(b.length-1)?b:b+\";\"}function S(a,b){N&amp;&amp;\"value\"==b&amp;&amp;R(a,\"OPTION\")&amp;&amp;null===Q(a,\"value\")?(b=[],P(a,b,!1),a=b.join(\"\")):a=a[b];return a}function R(a,b){b&amp;&amp;\"string\"!==typeof b&amp;&amp;(b=b.toString());return!!a&amp;&amp;1==a.nodeType&amp;&amp;(!b||a.tagName.toUpperCase()==b)}\nfunction T(a){return R(a,\"OPTION\")?!0:R(a,\"INPUT\")?(a=a.type.toLowerCase(),\"checkbox\"==a||\"radio\"==a):!1};var ja={\"class\":\"className\",readonly:\"readOnly\"},U=\"allowfullscreen allowpaymentrequest allowusermedia async autofocus autoplay checked compact complete controls declare default defaultchecked defaultselected defer disabled ended formnovalidate hidden indeterminate iscontenteditable ismap itemscope loop multiple muted nohref nomodule noresize noshade novalidate nowrap open paused playsinline pubdate readonly required reversed scoped seamless seeking selected truespeed typemustmatch willvalidate\".split(\" \");function V(a,b){var e=null,c=b.toLowerCase();if(\"style\"==c)return(e=a.style)&amp;&amp;!f(e)&amp;&amp;(e=e.cssText),e;if((\"selected\"==c||\"checked\"==c)&amp;&amp;T(a)){if(!T(a))throw new h(15,\"Element is not selectable\");b=\"selected\";e=a.type&amp;&amp;a.type.toLowerCase();if(\"checkbox\"==e||\"radio\"==e)b=\"checked\";return S(a,b)?\"true\":null}var g=R(a,\"A\");if(R(a,\"IMG\")&amp;&amp;\"src\"==c||g&amp;&amp;\"href\"==c)return(e=Q(a,c))&amp;&amp;(e=S(a,c)),e;if(\"spellcheck\"==c){e=Q(a,c);if(null!==e){if(\"false\"==e.toLowerCase())return\"false\";if(\"true\"==e.toLowerCase())return\"true\"}return S(a,\nc)+\"\"}g=ja[b]||b;a:if(f(U))c=f(c)&amp;&amp;1==c.length?U.indexOf(c,0):-1;else{for(var u=0;u&lt;U.length;u++)if(u in U&amp;&amp;U[u]===c){c=u;break a}c=-1}if(0&lt;=c)return(e=null!==Q(a,b)||S(a,g))?\"true\":null;try{var k=S(a,g)}catch(ka){}(c=null==k)||(c=typeof k,c=\"object\"==c&amp;&amp;null!=k||\"function\"==c);c?e=Q(a,b):e=k;return null!=e?e.toString():null}var W=[\"_\"],X=d;W[0]in X||!X.execScript||X.execScript(\"var \"+W[0]);\nfor(var Y;W.length&amp;&amp;(Y=W.shift());){var Z;if(Z=!W.length)Z=void 0!==V;Z?X[Y]=V:X[Y]&amp;&amp;X[Y]!==Object.prototype[Y]?X=X[Y]:X=X[Y]={}};; return this._.apply(null,arguments);}.apply({navigator:typeof window!='undefined'?window.navigator:null,document:typeof window!='undefined'?window.document:null}, arguments);}\n).apply(null, arguments);", "args": [{"ELEMENT": "8521119f-a190-4e6f-ba1e-ff426aa29847", "element-6066-11e4-a52e-4f735466cecf": "8521119f-a190-4e6f-ba1e-ff426aa29847"}, "value"]}</msg>
<msg timestamp="20201012 16:41:05.697" level="DEBUG">http://127.0.0.1:56261 "POST /session/d97d66c3808716aa038f297af9a42304/execute/sync HTTP/1.1" 200 25</msg>
<msg timestamp="20201012 16:41:05.697" level="DEBUG">Finished Request</msg>
<msg timestamp="20201012 16:41:05.698" level="DEBUG">POST http://127.0.0.1:56261/session/d97d66c3808716aa038f297af9a42304/frame {"id": null}</msg>
<msg timestamp="20201012 16:41:05.699" level="DEBUG">http://127.0.0.1:56261 "POST /session/d97d66c3808716aa038f297af9a42304/frame HTTP/1.1" 200 14</msg>
<msg timestamp="20201012 16:41:05.699" level="DEBUG">Finished Request</msg>
<msg timestamp="20201012 16:41:05.699" level="DEBUG">POST http://127.0.0.1:56261/session/d97d66c3808716aa038f297af9a42304/element {"using": "css selector", "value": "[id=\"frame-one1434677811\"]"}</msg>
<msg timestamp="20201012 16:41:05.703" level="DEBUG">http://127.0.0.1:56261 "POST /session/d97d66c3808716aa038f297af9a42304/element HTTP/1.1" 200 88</msg>
<msg timestamp="20201012 16:41:05.704" level="DEBUG">Finished Request</msg>
<msg timestamp="20201012 16:41:05.704" level="DEBUG">POST http://127.0.0.1:56261/session/d97d66c3808716aa038f297af9a42304/frame {"id": {"ELEMENT": "a6d71375-32e2-48d2-8890-72a431252491", "element-6066-11e4-a52e-4f735466cecf": "a6d71375-32e2-48d2-8890-72a431252491"}}</msg>
<msg timestamp="20201012 16:41:05.712" level="DEBUG">http://127.0.0.1:56261 "POST /session/d97d66c3808716aa038f297af9a42304/frame HTTP/1.1" 200 14</msg>
<msg timestamp="20201012 16:41:05.713" level="DEBUG">Finished Request</msg>
<msg timestamp="20201012 16:41:05.713" level="DEBUG">POST http://127.0.0.1:56261/session/d97d66c3808716aa038f297af9a42304/execute/sync {"script": "return $(\"#RESULT_TextField-4\").get(0)", "args": []}</msg>
<msg timestamp="20201012 16:41:05.716" level="DEBUG">http://127.0.0.1:56261 "POST /session/d97d66c3808716aa038f297af9a42304/execute/sync HTTP/1.1" 200 88</msg>
<msg timestamp="20201012 16:41:05.716" level="DEBUG">Finished Request</msg>
<msg timestamp="20201012 16:41:05.716" level="DEBUG">POST http://127.0.0.1:56261/session/d97d66c3808716aa038f297af9a42304/execute/sync {"script": "return (function(){return function(){var d=this;function f(a){return\"string\"==typeof a};function h(a,b){this.code=a;this.a=l[a]||m;this.message=b||\"\";a=this.a.replace(/((?:^|\\s+)[a-z])/g,function(a){return a.toUpperCase().replace(/^[\\s\\xa0]+/g,\"\")});b=a.length-5;if(0&gt;b||a.indexOf(\"Error\",b)!=b)a+=\"Error\";this.name=a;a=Error(this.message);a.name=this.name;this.stack=a.stack||\"\"}\n(function(){var a=Error;function b(){}b.prototype=a.prototype;h.b=a.prototype;h.prototype=new b;h.prototype.constructor=h;h.a=function(b,c,g){for(var e=Array(arguments.length-2),k=2;k&lt;arguments.length;k++)e[k-2]=arguments[k];return a.prototype[c].apply(b,e)}})();var m=\"unknown error\",l={15:\"element not selectable\",11:\"element not visible\"};l[31]=m;l[30]=m;l[24]=\"invalid cookie domain\";l[29]=\"invalid element coordinates\";l[12]=\"invalid element state\";l[32]=\"invalid selector\";l[51]=\"invalid selector\";\nl[52]=\"invalid selector\";l[17]=\"javascript error\";l[405]=\"unsupported operation\";l[34]=\"move target out of bounds\";l[27]=\"no such alert\";l[7]=\"no such element\";l[8]=\"no such frame\";l[23]=\"no such window\";l[28]=\"script timeout\";l[33]=\"session not created\";l[10]=\"stale element reference\";l[21]=\"timeout\";l[25]=\"unable to set cookie\";l[26]=\"unexpected alert open\";l[13]=m;l[9]=\"unknown command\";h.prototype.toString=function(){return this.name+\": \"+this.message};var n;a:{var p=d.navigator;if(p){var q=p.userAgent;if(q){n=q;break a}}n=\"\"}function r(a){return-1!=n.indexOf(a)};function t(a,b){for(var e=a.length,c=f(a)?a.split(\"\"):a,g=0;g&lt;e;g++)g in c&amp;&amp;b.call(void 0,c[g],g,a)};function v(){return r(\"iPhone\")&amp;&amp;!r(\"iPod\")&amp;&amp;!r(\"iPad\")};function w(){return(r(\"Chrome\")||r(\"CriOS\"))&amp;&amp;!r(\"Edge\")};var x=r(\"Opera\"),y=r(\"Trident\")||r(\"MSIE\"),z=r(\"Edge\"),A=r(\"Gecko\")&amp;&amp;!(-1!=n.toLowerCase().indexOf(\"webkit\")&amp;&amp;!r(\"Edge\"))&amp;&amp;!(r(\"Trident\")||r(\"MSIE\"))&amp;&amp;!r(\"Edge\"),aa=-1!=n.toLowerCase().indexOf(\"webkit\")&amp;&amp;!r(\"Edge\");function B(){var a=d.document;return a?a.documentMode:void 0}var C;\na:{var D=\"\",E=function(){var a=n;if(A)return/rv\\:([^\\);]+)(\\)|;)/.exec(a);if(z)return/Edge\\/([\\d\\.]+)/.exec(a);if(y)return/\\b(?:MSIE|rv)[: ]([^\\);]+)(\\)|;)/.exec(a);if(aa)return/WebKit\\/(\\S+)/.exec(a);if(x)return/(?:Version)[ \\/]?(\\S+)/.exec(a)}();E&amp;&amp;(D=E?E[1]:\"\");if(y){var F=B();if(null!=F&amp;&amp;F&gt;parseFloat(D)){C=String(F);break a}}C=D}var G;var H=d.document;G=H&amp;&amp;y?B()||(\"CSS1Compat\"==H.compatMode?parseInt(C,10):5):void 0;var ba=r(\"Firefox\"),ca=v()||r(\"iPod\"),da=r(\"iPad\"),I=r(\"Android\")&amp;&amp;!(w()||r(\"Firefox\")||r(\"Opera\")||r(\"Silk\")),ea=w(),J=r(\"Safari\")&amp;&amp;!(w()||r(\"Coast\")||r(\"Opera\")||r(\"Edge\")||r(\"Silk\")||r(\"Android\"))&amp;&amp;!(v()||r(\"iPad\")||r(\"iPod\"));function K(a){return(a=a.exec(n))?a[1]:\"\"}(function(){if(ba)return K(/Firefox\\/([0-9.]+)/);if(y||z||x)return C;if(ea)return v()||r(\"iPad\")||r(\"iPod\")?K(/CriOS\\/([0-9.]+)/):K(/Chrome\\/([0-9.]+)/);if(J&amp;&amp;!(v()||r(\"iPad\")||r(\"iPod\")))return K(/Version\\/([0-9.]+)/);if(ca||da){var a=/Version\\/(\\S+).*Mobile\\/(\\S+)/.exec(n);if(a)return a[1]+\".\"+a[2]}else if(I)return(a=K(/Android\\s+([0-9.]+)/))?a:K(/Version\\/([0-9.]+)/);return\"\"})();var L,M=function(){if(!A)return!1;var a=d.Components;if(!a)return!1;try{if(!a.classes)return!1}catch(g){return!1}var b=a.classes,a=a.interfaces,e=b[\"@mozilla.org/xpcom/version-comparator;1\"].getService(a.nsIVersionComparator),c=b[\"@mozilla.org/xre/app-info;1\"].getService(a.nsIXULAppInfo).version;L=function(a){e.compare(c,\"\"+a)};return!0}(),N=y&amp;&amp;!(8&lt;=Number(G)),fa=y&amp;&amp;!(9&lt;=Number(G));I&amp;&amp;M&amp;&amp;L(2.3);I&amp;&amp;M&amp;&amp;L(4);J&amp;&amp;M&amp;&amp;L(6);var ga={SCRIPT:1,STYLE:1,HEAD:1,IFRAME:1,OBJECT:1},O={IMG:\" \",BR:\"\\n\"};function P(a,b,e){if(!(a.nodeName in ga))if(3==a.nodeType)e?b.push(String(a.nodeValue).replace(/(\\r\\n|\\r|\\n)/g,\"\")):b.push(a.nodeValue);else if(a.nodeName in O)b.push(O[a.nodeName]);else for(a=a.firstChild;a;)P(a,b,e),a=a.nextSibling};function Q(a,b){b=b.toLowerCase();return\"style\"==b?ha(a.style.cssText):N&amp;&amp;\"value\"==b&amp;&amp;R(a,\"INPUT\")?a.value:fa&amp;&amp;!0===a[b]?String(a.getAttribute(b)):(a=a.getAttributeNode(b))&amp;&amp;a.specified?a.value:null}var ia=/[;]+(?=(?:(?:[^\"]*\"){2})*[^\"]*$)(?=(?:(?:[^']*'){2})*[^']*$)(?=(?:[^()]*\\([^()]*\\))*[^()]*$)/;\nfunction ha(a){var b=[];t(a.split(ia),function(a){var c=a.indexOf(\":\");0&lt;c&amp;&amp;(a=[a.slice(0,c),a.slice(c+1)],2==a.length&amp;&amp;b.push(a[0].toLowerCase(),\":\",a[1],\";\"))});b=b.join(\"\");return b=\";\"==b.charAt(b.length-1)?b:b+\";\"}function S(a,b){N&amp;&amp;\"value\"==b&amp;&amp;R(a,\"OPTION\")&amp;&amp;null===Q(a,\"value\")?(b=[],P(a,b,!1),a=b.join(\"\")):a=a[b];return a}function R(a,b){b&amp;&amp;\"string\"!==typeof b&amp;&amp;(b=b.toString());return!!a&amp;&amp;1==a.nodeType&amp;&amp;(!b||a.tagName.toUpperCase()==b)}\nfunction T(a){return R(a,\"OPTION\")?!0:R(a,\"INPUT\")?(a=a.type.toLowerCase(),\"checkbox\"==a||\"radio\"==a):!1};var ja={\"class\":\"className\",readonly:\"readOnly\"},U=\"allowfullscreen allowpaymentrequest allowusermedia async autofocus autoplay checked compact complete controls declare default defaultchecked defaultselected defer disabled ended formnovalidate hidden indeterminate iscontenteditable ismap itemscope loop multiple muted nohref nomodule noresize noshade novalidate nowrap open paused playsinline pubdate readonly required reversed scoped seamless seeking selected truespeed typemustmatch willvalidate\".split(\" \");function V(a,b){var e=null,c=b.toLowerCase();if(\"style\"==c)return(e=a.style)&amp;&amp;!f(e)&amp;&amp;(e=e.cssText),e;if((\"selected\"==c||\"checked\"==c)&amp;&amp;T(a)){if(!T(a))throw new h(15,\"Element is not selectable\");b=\"selected\";e=a.type&amp;&amp;a.type.toLowerCase();if(\"checkbox\"==e||\"radio\"==e)b=\"checked\";return S(a,b)?\"true\":null}var g=R(a,\"A\");if(R(a,\"IMG\")&amp;&amp;\"src\"==c||g&amp;&amp;\"href\"==c)return(e=Q(a,c))&amp;&amp;(e=S(a,c)),e;if(\"spellcheck\"==c){e=Q(a,c);if(null!==e){if(\"false\"==e.toLowerCase())return\"false\";if(\"true\"==e.toLowerCase())return\"true\"}return S(a,\nc)+\"\"}g=ja[b]||b;a:if(f(U))c=f(c)&amp;&amp;1==c.length?U.indexOf(c,0):-1;else{for(var u=0;u&lt;U.length;u++)if(u in U&amp;&amp;U[u]===c){c=u;break a}c=-1}if(0&lt;=c)return(e=null!==Q(a,b)||S(a,g))?\"true\":null;try{var k=S(a,g)}catch(ka){}(c=null==k)||(c=typeof k,c=\"object\"==c&amp;&amp;null!=k||\"function\"==c);c?e=Q(a,b):e=k;return null!=e?e.toString():null}var W=[\"_\"],X=d;W[0]in X||!X.execScript||X.execScript(\"var \"+W[0]);\nfor(var Y;W.length&amp;&amp;(Y=W.shift());){var Z;if(Z=!W.length)Z=void 0!==V;Z?X[Y]=V:X[Y]&amp;&amp;X[Y]!==Object.prototype[Y]?X=X[Y]:X=X[Y]={}};; return this._.apply(null,arguments);}.apply({navigator:typeof window!='undefined'?window.navigator:null,document:typeof window!='undefined'?window.document:null}, arguments);}\n).apply(null, arguments);", "args": [{"ELEMENT": "59def9e1-ca0f-4700-a47c-f0ac30bc7211", "element-6066-11e4-a52e-4f735466cecf": "59def9e1-ca0f-4700-a47c-f0ac30bc7211"}, "value"]}</msg>
<msg timestamp="20201012 16:41:05.721" level="DEBUG">http://127.0.0.1:56261 "POST /session/d97d66c3808716aa038f297af9a42304/execute/sync HTTP/1.1" 200 19</msg>
<msg timestamp="20201012 16:41:05.721" level="DEBUG">Finished Request</msg>
<msg timestamp="20201012 16:41:05.721" level="DEBUG">POST http://127.0.0.1:56261/session/d97d66c3808716aa038f297af9a42304/frame {"id": null}</msg>
<msg timestamp="20201012 16:41:05.723" level="DEBUG">http://127.0.0.1:56261 "POST /session/d97d66c3808716aa038f297af9a42304/frame HTTP/1.1" 200 14</msg>
<msg timestamp="20201012 16:41:05.723" level="DEBUG">Finished Request</msg>
<msg timestamp="20201012 16:41:05.723" level="DEBUG">POST http://127.0.0.1:56261/session/d97d66c3808716aa038f297af9a42304/element {"using": "css selector", "value": "[id=\"frame-one1434677811\"]"}</msg>
<msg timestamp="20201012 16:41:05.727" level="DEBUG">http://127.0.0.1:56261 "POST /session/d97d66c3808716aa038f297af9a42304/element HTTP/1.1" 200 88</msg>
<msg timestamp="20201012 16:41:05.728" level="DEBUG">Finished Request</msg>
<msg timestamp="20201012 16:41:05.728" level="DEBUG">POST http://127.0.0.1:56261/session/d97d66c3808716aa038f297af9a42304/frame {"id": {"ELEMENT": "a6d71375-32e2-48d2-8890-72a431252491", "element-6066-11e4-a52e-4f735466cecf": "a6d71375-32e2-48d2-8890-72a431252491"}}</msg>
<msg timestamp="20201012 16:41:05.737" level="DEBUG">http://127.0.0.1:56261 "POST /session/d97d66c3808716aa038f297af9a42304/frame HTTP/1.1" 200 14</msg>
<msg timestamp="20201012 16:41:05.738" level="DEBUG">Finished Request</msg>
<msg timestamp="20201012 16:41:05.738" level="DEBUG">POST http://127.0.0.1:56261/session/d97d66c3808716aa038f297af9a42304/execute/sync {"script": "return $(\"#RESULT_TextField-5\").get(0)", "args": []}</msg>
<msg timestamp="20201012 16:41:05.741" level="DEBUG">http://127.0.0.1:56261 "POST /session/d97d66c3808716aa038f297af9a42304/execute/sync HTTP/1.1" 200 88</msg>
<msg timestamp="20201012 16:41:05.741" level="DEBUG">Finished Request</msg>
<msg timestamp="20201012 16:41:05.741" level="DEBUG">POST http://127.0.0.1:56261/session/d97d66c3808716aa038f297af9a42304/execute/sync {"script": "return (function(){return function(){var d=this;function f(a){return\"string\"==typeof a};function h(a,b){this.code=a;this.a=l[a]||m;this.message=b||\"\";a=this.a.replace(/((?:^|\\s+)[a-z])/g,function(a){return a.toUpperCase().replace(/^[\\s\\xa0]+/g,\"\")});b=a.length-5;if(0&gt;b||a.indexOf(\"Error\",b)!=b)a+=\"Error\";this.name=a;a=Error(this.message);a.name=this.name;this.stack=a.stack||\"\"}\n(function(){var a=Error;function b(){}b.prototype=a.prototype;h.b=a.prototype;h.prototype=new b;h.prototype.constructor=h;h.a=function(b,c,g){for(var e=Array(arguments.length-2),k=2;k&lt;arguments.length;k++)e[k-2]=arguments[k];return a.prototype[c].apply(b,e)}})();var m=\"unknown error\",l={15:\"element not selectable\",11:\"element not visible\"};l[31]=m;l[30]=m;l[24]=\"invalid cookie domain\";l[29]=\"invalid element coordinates\";l[12]=\"invalid element state\";l[32]=\"invalid selector\";l[51]=\"invalid selector\";\nl[52]=\"invalid selector\";l[17]=\"javascript error\";l[405]=\"unsupported operation\";l[34]=\"move target out of bounds\";l[27]=\"no such alert\";l[7]=\"no such element\";l[8]=\"no such frame\";l[23]=\"no such window\";l[28]=\"script timeout\";l[33]=\"session not created\";l[10]=\"stale element reference\";l[21]=\"timeout\";l[25]=\"unable to set cookie\";l[26]=\"unexpected alert open\";l[13]=m;l[9]=\"unknown command\";h.prototype.toString=function(){return this.name+\": \"+this.message};var n;a:{var p=d.navigator;if(p){var q=p.userAgent;if(q){n=q;break a}}n=\"\"}function r(a){return-1!=n.indexOf(a)};function t(a,b){for(var e=a.length,c=f(a)?a.split(\"\"):a,g=0;g&lt;e;g++)g in c&amp;&amp;b.call(void 0,c[g],g,a)};function v(){return r(\"iPhone\")&amp;&amp;!r(\"iPod\")&amp;&amp;!r(\"iPad\")};function w(){return(r(\"Chrome\")||r(\"CriOS\"))&amp;&amp;!r(\"Edge\")};var x=r(\"Opera\"),y=r(\"Trident\")||r(\"MSIE\"),z=r(\"Edge\"),A=r(\"Gecko\")&amp;&amp;!(-1!=n.toLowerCase().indexOf(\"webkit\")&amp;&amp;!r(\"Edge\"))&amp;&amp;!(r(\"Trident\")||r(\"MSIE\"))&amp;&amp;!r(\"Edge\"),aa=-1!=n.toLowerCase().indexOf(\"webkit\")&amp;&amp;!r(\"Edge\");function B(){var a=d.document;return a?a.documentMode:void 0}var C;\na:{var D=\"\",E=function(){var a=n;if(A)return/rv\\:([^\\);]+)(\\)|;)/.exec(a);if(z)return/Edge\\/([\\d\\.]+)/.exec(a);if(y)return/\\b(?:MSIE|rv)[: ]([^\\);]+)(\\)|;)/.exec(a);if(aa)return/WebKit\\/(\\S+)/.exec(a);if(x)return/(?:Version)[ \\/]?(\\S+)/.exec(a)}();E&amp;&amp;(D=E?E[1]:\"\");if(y){var F=B();if(null!=F&amp;&amp;F&gt;parseFloat(D)){C=String(F);break a}}C=D}var G;var H=d.document;G=H&amp;&amp;y?B()||(\"CSS1Compat\"==H.compatMode?parseInt(C,10):5):void 0;var ba=r(\"Firefox\"),ca=v()||r(\"iPod\"),da=r(\"iPad\"),I=r(\"Android\")&amp;&amp;!(w()||r(\"Firefox\")||r(\"Opera\")||r(\"Silk\")),ea=w(),J=r(\"Safari\")&amp;&amp;!(w()||r(\"Coast\")||r(\"Opera\")||r(\"Edge\")||r(\"Silk\")||r(\"Android\"))&amp;&amp;!(v()||r(\"iPad\")||r(\"iPod\"));function K(a){return(a=a.exec(n))?a[1]:\"\"}(function(){if(ba)return K(/Firefox\\/([0-9.]+)/);if(y||z||x)return C;if(ea)return v()||r(\"iPad\")||r(\"iPod\")?K(/CriOS\\/([0-9.]+)/):K(/Chrome\\/([0-9.]+)/);if(J&amp;&amp;!(v()||r(\"iPad\")||r(\"iPod\")))return K(/Version\\/([0-9.]+)/);if(ca||da){var a=/Version\\/(\\S+).*Mobile\\/(\\S+)/.exec(n);if(a)return a[1]+\".\"+a[2]}else if(I)return(a=K(/Android\\s+([0-9.]+)/))?a:K(/Version\\/([0-9.]+)/);return\"\"})();var L,M=function(){if(!A)return!1;var a=d.Components;if(!a)return!1;try{if(!a.classes)return!1}catch(g){return!1}var b=a.classes,a=a.interfaces,e=b[\"@mozilla.org/xpcom/version-comparator;1\"].getService(a.nsIVersionComparator),c=b[\"@mozilla.org/xre/app-info;1\"].getService(a.nsIXULAppInfo).version;L=function(a){e.compare(c,\"\"+a)};return!0}(),N=y&amp;&amp;!(8&lt;=Number(G)),fa=y&amp;&amp;!(9&lt;=Number(G));I&amp;&amp;M&amp;&amp;L(2.3);I&amp;&amp;M&amp;&amp;L(4);J&amp;&amp;M&amp;&amp;L(6);var ga={SCRIPT:1,STYLE:1,HEAD:1,IFRAME:1,OBJECT:1},O={IMG:\" \",BR:\"\\n\"};function P(a,b,e){if(!(a.nodeName in ga))if(3==a.nodeType)e?b.push(String(a.nodeValue).replace(/(\\r\\n|\\r|\\n)/g,\"\")):b.push(a.nodeValue);else if(a.nodeName in O)b.push(O[a.nodeName]);else for(a=a.firstChild;a;)P(a,b,e),a=a.nextSibling};function Q(a,b){b=b.toLowerCase();return\"style\"==b?ha(a.style.cssText):N&amp;&amp;\"value\"==b&amp;&amp;R(a,\"INPUT\")?a.value:fa&amp;&amp;!0===a[b]?String(a.getAttribute(b)):(a=a.getAttributeNode(b))&amp;&amp;a.specified?a.value:null}var ia=/[;]+(?=(?:(?:[^\"]*\"){2})*[^\"]*$)(?=(?:(?:[^']*'){2})*[^']*$)(?=(?:[^()]*\\([^()]*\\))*[^()]*$)/;\nfunction ha(a){var b=[];t(a.split(ia),function(a){var c=a.indexOf(\":\");0&lt;c&amp;&amp;(a=[a.slice(0,c),a.slice(c+1)],2==a.length&amp;&amp;b.push(a[0].toLowerCase(),\":\",a[1],\";\"))});b=b.join(\"\");return b=\";\"==b.charAt(b.length-1)?b:b+\";\"}function S(a,b){N&amp;&amp;\"value\"==b&amp;&amp;R(a,\"OPTION\")&amp;&amp;null===Q(a,\"value\")?(b=[],P(a,b,!1),a=b.join(\"\")):a=a[b];return a}function R(a,b){b&amp;&amp;\"string\"!==typeof b&amp;&amp;(b=b.toString());return!!a&amp;&amp;1==a.nodeType&amp;&amp;(!b||a.tagName.toUpperCase()==b)}\nfunction T(a){return R(a,\"OPTION\")?!0:R(a,\"INPUT\")?(a=a.type.toLowerCase(),\"checkbox\"==a||\"radio\"==a):!1};var ja={\"class\":\"className\",readonly:\"readOnly\"},U=\"allowfullscreen allowpaymentrequest allowusermedia async autofocus autoplay checked compact complete controls declare default defaultchecked defaultselected defer disabled ended formnovalidate hidden indeterminate iscontenteditable ismap itemscope loop multiple muted nohref nomodule noresize noshade novalidate nowrap open paused playsinline pubdate readonly required reversed scoped seamless seeking selected truespeed typemustmatch willvalidate\".split(\" \");function V(a,b){var e=null,c=b.toLowerCase();if(\"style\"==c)return(e=a.style)&amp;&amp;!f(e)&amp;&amp;(e=e.cssText),e;if((\"selected\"==c||\"checked\"==c)&amp;&amp;T(a)){if(!T(a))throw new h(15,\"Element is not selectable\");b=\"selected\";e=a.type&amp;&amp;a.type.toLowerCase();if(\"checkbox\"==e||\"radio\"==e)b=\"checked\";return S(a,b)?\"true\":null}var g=R(a,\"A\");if(R(a,\"IMG\")&amp;&amp;\"src\"==c||g&amp;&amp;\"href\"==c)return(e=Q(a,c))&amp;&amp;(e=S(a,c)),e;if(\"spellcheck\"==c){e=Q(a,c);if(null!==e){if(\"false\"==e.toLowerCase())return\"false\";if(\"true\"==e.toLowerCase())return\"true\"}return S(a,\nc)+\"\"}g=ja[b]||b;a:if(f(U))c=f(c)&amp;&amp;1==c.length?U.indexOf(c,0):-1;else{for(var u=0;u&lt;U.length;u++)if(u in U&amp;&amp;U[u]===c){c=u;break a}c=-1}if(0&lt;=c)return(e=null!==Q(a,b)||S(a,g))?\"true\":null;try{var k=S(a,g)}catch(ka){}(c=null==k)||(c=typeof k,c=\"object\"==c&amp;&amp;null!=k||\"function\"==c);c?e=Q(a,b):e=k;return null!=e?e.toString():null}var W=[\"_\"],X=d;W[0]in X||!X.execScript||X.execScript(\"var \"+W[0]);\nfor(var Y;W.length&amp;&amp;(Y=W.shift());){var Z;if(Z=!W.length)Z=void 0!==V;Z?X[Y]=V:X[Y]&amp;&amp;X[Y]!==Object.prototype[Y]?X=X[Y]:X=X[Y]={}};; return this._.apply(null,arguments);}.apply({navigator:typeof window!='undefined'?window.navigator:null,document:typeof window!='undefined'?window.document:null}, arguments);}\n).apply(null, arguments);", "args": [{"ELEMENT": "a98398fb-3b56-4451-be7e-d3a91ed5c2b4", "element-6066-11e4-a52e-4f735466cecf": "a98398fb-3b56-4451-be7e-d3a91ed5c2b4"}, "value"]}</msg>
<msg timestamp="20201012 16:41:05.745" level="DEBUG">http://127.0.0.1:56261 "POST /session/d97d66c3808716aa038f297af9a42304/execute/sync HTTP/1.1" 200 20</msg>
<msg timestamp="20201012 16:41:05.745" level="DEBUG">Finished Request</msg>
<msg timestamp="20201012 16:41:05.745" level="DEBUG">POST http://127.0.0.1:56261/session/d97d66c3808716aa038f297af9a42304/frame {"id": null}</msg>
<msg timestamp="20201012 16:41:05.747" level="DEBUG">http://127.0.0.1:56261 "POST /session/d97d66c3808716aa038f297af9a42304/frame HTTP/1.1" 200 14</msg>
<msg timestamp="20201012 16:41:05.747" level="DEBUG">Finished Request</msg>
<msg timestamp="20201012 16:41:05.747" level="DEBUG">POST http://127.0.0.1:56261/session/d97d66c3808716aa038f297af9a42304/element {"using": "css selector", "value": "[id=\"frame-one1434677811\"]"}</msg>
<msg timestamp="20201012 16:41:05.752" level="DEBUG">http://127.0.0.1:56261 "POST /session/d97d66c3808716aa038f297af9a42304/element HTTP/1.1" 200 88</msg>
<msg timestamp="20201012 16:41:05.752" level="DEBUG">Finished Request</msg>
<msg timestamp="20201012 16:41:05.752" level="DEBUG">POST http://127.0.0.1:56261/session/d97d66c3808716aa038f297af9a42304/frame {"id": {"ELEMENT": "a6d71375-32e2-48d2-8890-72a431252491", "element-6066-11e4-a52e-4f735466cecf": "a6d71375-32e2-48d2-8890-72a431252491"}}</msg>
<msg timestamp="20201012 16:41:05.761" level="DEBUG">http://127.0.0.1:56261 "POST /session/d97d66c3808716aa038f297af9a42304/frame HTTP/1.1" 200 14</msg>
<msg timestamp="20201012 16:41:05.762" level="DEBUG">Finished Request</msg>
<msg timestamp="20201012 16:41:05.762" level="DEBUG">POST http://127.0.0.1:56261/session/d97d66c3808716aa038f297af9a42304/execute/sync {"script": "return $(\"#RESULT_TextField-6\").get(0)", "args": []}</msg>
<msg timestamp="20201012 16:41:05.764" level="DEBUG">http://127.0.0.1:56261 "POST /session/d97d66c3808716aa038f297af9a42304/execute/sync HTTP/1.1" 200 88</msg>
<msg timestamp="20201012 16:41:05.764" level="DEBUG">Finished Request</msg>
<msg timestamp="20201012 16:41:05.764" level="DEBUG">POST http://127.0.0.1:56261/session/d97d66c3808716aa038f297af9a42304/execute/sync {"script": "return (function(){return function(){var d=this;function f(a){return\"string\"==typeof a};function h(a,b){this.code=a;this.a=l[a]||m;this.message=b||\"\";a=this.a.replace(/((?:^|\\s+)[a-z])/g,function(a){return a.toUpperCase().replace(/^[\\s\\xa0]+/g,\"\")});b=a.length-5;if(0&gt;b||a.indexOf(\"Error\",b)!=b)a+=\"Error\";this.name=a;a=Error(this.message);a.name=this.name;this.stack=a.stack||\"\"}\n(function(){var a=Error;function b(){}b.prototype=a.prototype;h.b=a.prototype;h.prototype=new b;h.prototype.constructor=h;h.a=function(b,c,g){for(var e=Array(arguments.length-2),k=2;k&lt;arguments.length;k++)e[k-2]=arguments[k];return a.prototype[c].apply(b,e)}})();var m=\"unknown error\",l={15:\"element not selectable\",11:\"element not visible\"};l[31]=m;l[30]=m;l[24]=\"invalid cookie domain\";l[29]=\"invalid element coordinates\";l[12]=\"invalid element state\";l[32]=\"invalid selector\";l[51]=\"invalid selector\";\nl[52]=\"invalid selector\";l[17]=\"javascript error\";l[405]=\"unsupported operation\";l[34]=\"move target out of bounds\";l[27]=\"no such alert\";l[7]=\"no such element\";l[8]=\"no such frame\";l[23]=\"no such window\";l[28]=\"script timeout\";l[33]=\"session not created\";l[10]=\"stale element reference\";l[21]=\"timeout\";l[25]=\"unable to set cookie\";l[26]=\"unexpected alert open\";l[13]=m;l[9]=\"unknown command\";h.prototype.toString=function(){return this.name+\": \"+this.message};var n;a:{var p=d.navigator;if(p){var q=p.userAgent;if(q){n=q;break a}}n=\"\"}function r(a){return-1!=n.indexOf(a)};function t(a,b){for(var e=a.length,c=f(a)?a.split(\"\"):a,g=0;g&lt;e;g++)g in c&amp;&amp;b.call(void 0,c[g],g,a)};function v(){return r(\"iPhone\")&amp;&amp;!r(\"iPod\")&amp;&amp;!r(\"iPad\")};function w(){return(r(\"Chrome\")||r(\"CriOS\"))&amp;&amp;!r(\"Edge\")};var x=r(\"Opera\"),y=r(\"Trident\")||r(\"MSIE\"),z=r(\"Edge\"),A=r(\"Gecko\")&amp;&amp;!(-1!=n.toLowerCase().indexOf(\"webkit\")&amp;&amp;!r(\"Edge\"))&amp;&amp;!(r(\"Trident\")||r(\"MSIE\"))&amp;&amp;!r(\"Edge\"),aa=-1!=n.toLowerCase().indexOf(\"webkit\")&amp;&amp;!r(\"Edge\");function B(){var a=d.document;return a?a.documentMode:void 0}var C;\na:{var D=\"\",E=function(){var a=n;if(A)return/rv\\:([^\\);]+)(\\)|;)/.exec(a);if(z)return/Edge\\/([\\d\\.]+)/.exec(a);if(y)return/\\b(?:MSIE|rv)[: ]([^\\);]+)(\\)|;)/.exec(a);if(aa)return/WebKit\\/(\\S+)/.exec(a);if(x)return/(?:Version)[ \\/]?(\\S+)/.exec(a)}();E&amp;&amp;(D=E?E[1]:\"\");if(y){var F=B();if(null!=F&amp;&amp;F&gt;parseFloat(D)){C=String(F);break a}}C=D}var G;var H=d.document;G=H&amp;&amp;y?B()||(\"CSS1Compat\"==H.compatMode?parseInt(C,10):5):void 0;var ba=r(\"Firefox\"),ca=v()||r(\"iPod\"),da=r(\"iPad\"),I=r(\"Android\")&amp;&amp;!(w()||r(\"Firefox\")||r(\"Opera\")||r(\"Silk\")),ea=w(),J=r(\"Safari\")&amp;&amp;!(w()||r(\"Coast\")||r(\"Opera\")||r(\"Edge\")||r(\"Silk\")||r(\"Android\"))&amp;&amp;!(v()||r(\"iPad\")||r(\"iPod\"));function K(a){return(a=a.exec(n))?a[1]:\"\"}(function(){if(ba)return K(/Firefox\\/([0-9.]+)/);if(y||z||x)return C;if(ea)return v()||r(\"iPad\")||r(\"iPod\")?K(/CriOS\\/([0-9.]+)/):K(/Chrome\\/([0-9.]+)/);if(J&amp;&amp;!(v()||r(\"iPad\")||r(\"iPod\")))return K(/Version\\/([0-9.]+)/);if(ca||da){var a=/Version\\/(\\S+).*Mobile\\/(\\S+)/.exec(n);if(a)return a[1]+\".\"+a[2]}else if(I)return(a=K(/Android\\s+([0-9.]+)/))?a:K(/Version\\/([0-9.]+)/);return\"\"})();var L,M=function(){if(!A)return!1;var a=d.Components;if(!a)return!1;try{if(!a.classes)return!1}catch(g){return!1}var b=a.classes,a=a.interfaces,e=b[\"@mozilla.org/xpcom/version-comparator;1\"].getService(a.nsIVersionComparator),c=b[\"@mozilla.org/xre/app-info;1\"].getService(a.nsIXULAppInfo).version;L=function(a){e.compare(c,\"\"+a)};return!0}(),N=y&amp;&amp;!(8&lt;=Number(G)),fa=y&amp;&amp;!(9&lt;=Number(G));I&amp;&amp;M&amp;&amp;L(2.3);I&amp;&amp;M&amp;&amp;L(4);J&amp;&amp;
[...]
r(\"iPod\"));function K(a){return(a=a.exec(n))?a[1]:\"\"}(function(){if(ba)return K(/Firefox\\/([0-9.]+)/);if(y||z||x)return C;if(ea)return v()||r(\"iPad\")||r(\"iPod\")?K(/CriOS\\/([0-9.]+)/):K(/Chrome\\/([0-9.]+)/);if(J&amp;&amp;!(v()||r(\"iPad\")||r(\"iPod\")))return K(/Version\\/([0-9.]+)/);if(ca||da){var a=/Version\\/(\\S+).*Mobile\\/(\\S+)/.exec(n);if(a)return a[1]+\".\"+a[2]}else if(I)return(a=K(/Android\\s+([0-9.]+)/))?a:K(/Version\\/([0-9.]+)/);return\"\"})();var L,M=function(){if(!A)return!1;var a=d.Components;if(!a)return!1;try{if(!a.classes)return!1}catch(g){return!1}var b=a.classes,a=a.interfaces,e=b[\"@mozilla.org/xpcom/version-comparator;1\"].getService(a.nsIVersionComparator),c=b[\"@mozilla.org/xre/app-info;1\"].getService(a.nsIXULAppInfo).version;L=function(a){e.compare(c,\"\"+a)};return!0}(),N=y&amp;&amp;!(8&lt;=Number(G)),fa=y&amp;&amp;!(9&lt;=Number(G));I&amp;&amp;M&amp;&amp;L(2.3);I&amp;&amp;M&amp;&amp;L(4);J&amp;&amp;M&amp;&amp;L(6);var ga={SCRIPT:1,STYLE:1,HEAD:1,IFRAME:1,OBJECT:1},O={IMG:\" \",BR:\"\\n\"};function P(a,b,e){if(!(a.nodeName in ga))if(3==a.nodeType)e?b.push(String(a.nodeValue).replace(/(\\r\\n|\\r|\\n)/g,\"\")):b.push(a.nodeValue);else if(a.nodeName in O)b.push(O[a.nodeName]);else for(a=a.firstChild;a;)P(a,b,e),a=a.nextSibling};function Q(a,b){b=b.toLowerCase();return\"style\"==b?ha(a.style.cssText):N&amp;&amp;\"value\"==b&amp;&amp;R(a,\"INPUT\")?a.value:fa&amp;&amp;!0===a[b]?String(a.getAttribute(b)):(a=a.getAttributeNode(b))&amp;&amp;a.specified?a.value:null}var ia=/[;]+(?=(?:(?:[^\"]*\"){2})*[^\"]*$)(?=(?:(?:[^']*'){2})*[^']*$)(?=(?:[^()]*\\([^()]*\\))*[^()]*$)/;\nfunction ha(a){var b=[];t(a.split(ia),function(a){var c=a.indexOf(\":\");0&lt;c&amp;&amp;(a=[a.slice(0,c),a.slice(c+1)],2==a.length&amp;&amp;b.push(a[0].toLowerCase(),\":\",a[1],\";\"))});b=b.join(\"\");return b=\";\"==b.charAt(b.length-1)?b:b+\";\"}function S(a,b){N&amp;&amp;\"value\"==b&amp;&amp;R(a,\"OPTION\")&amp;&amp;null===Q(a,\"value\")?(b=[],P(a,b,!1),a=b.join(\"\")):a=a[b];return a}function R(a,b){b&amp;&amp;\"string\"!==typeof b&amp;&amp;(b=b.toString());return!!a&amp;&amp;1==a.nodeType&amp;&amp;(!b||a.tagName.toUpperCase()==b)}\nfunction T(a){return R(a,\"OPTION\")?!0:R(a,\"INPUT\")?(a=a.type.toLowerCase(),\"checkbox\"==a||\"radio\"==a):!1};var ja={\"class\":\"className\",readonly:\"readOnly\"},U=\"allowfullscreen allowpaymentrequest allowusermedia async autofocus autoplay checked compact complete controls declare default defaultchecked defaultselected defer disabled ended formnovalidate hidden indeterminate iscontenteditable ismap itemscope loop multiple muted nohref nomodule noresize noshade novalidate nowrap open paused playsinline pubdate readonly required reversed scoped seamless seeking selected truespeed typemustmatch willvalidate\".split(\" \");function V(a,b){var e=null,c=b.toLowerCase();if(\"style\"==c)return(e=a.style)&amp;&amp;!f(e)&amp;&amp;(e=e.cssText),e;if((\"selected\"==c||\"checked\"==c)&amp;&amp;T(a)){if(!T(a))throw new h(15,\"Element is not selectable\");b=\"selected\";e=a.type&amp;&amp;a.type.toLowerCase();if(\"checkbox\"==e||\"radio\"==e)b=\"checked\";return S(a,b)?\"true\":null}var g=R(a,\"A\");if(R(a,\"IMG\")&amp;&amp;\"src\"==c||g&amp;&amp;\"href\"==c)return(e=Q(a,c))&amp;&amp;(e=S(a,c)),e;if(\"spellcheck\"==c){e=Q(a,c);if(null!==e){if(\"false\"==e.toLowerCase())return\"false\";if(\"true\"==e.toLowerCase())return\"true\"}return S(a,\nc)+\"\"}g=ja[b]||b;a:if(f(U))c=f(c)&amp;&amp;1==c.length?U.indexOf(c,0):-1;else{for(var u=0;u&lt;U.length;u++)if(u in U&amp;&amp;U[u]===c){c=u;break a}c=-1}if(0&lt;=c)return(e=null!==Q(a,b)||S(a,g))?\"true\":null;try{var k=S(a,g)}catch(ka){}(c=null==k)||(c=typeof k,c=\"object\"==c&amp;&amp;null!=k||\"function\"==c);c?e=Q(a,b):e=k;return null!=e?e.toString():null}var W=[\"_\"],X=d;W[0]in X||!X.execScript||X.execScript(\"var \"+W[0]);\nfor(var Y;W.length&amp;&amp;(Y=W.shift());){var Z;if(Z=!W.length)Z=void 0!==V;Z?X[Y]=V:X[Y]&amp;&amp;X[Y]!==Object.prototype[Y]?X=X[Y]:X=X[Y]={}};; return this._.apply(null,arguments);}.apply({navigator:typeof window!='undefined'?window.navigator:null,document:typeof window!='undefined'?window.document:null}, arguments);}\n).apply(null, arguments);", "args": [{"ELEMENT": "e3d2c90b-1ddd-4208-9d5e-c9e7824de74e", "element-6066-11e4-a52e-4f735466cecf": "e3d2c90b-1ddd-4208-9d5e-c9e7824de74e"}, "multiple"]}</msg>
<msg timestamp="20201012 16:41:48.580" level="DEBUG">http://127.0.0.1:56401 "POST /session/cd5a52d881b8f92c0902ec376debef05/execute/sync HTTP/1.1" 200 14</msg>
<msg timestamp="20201012 16:41:48.580" level="DEBUG">Finished Request</msg>
<msg timestamp="20201012 16:41:48.580" level="DEBUG">POST http://127.0.0.1:56401/session/cd5a52d881b8f92c0902ec376debef05/element/e3d2c90b-1ddd-4208-9d5e-c9e7824de74e/elements {"using": "xpath", "value": ".//option[normalize-space(.) = \"Google\"]", "id": "e3d2c90b-1ddd-4208-9d5e-c9e7824de74e"}</msg>
<msg timestamp="20201012 16:41:48.588" level="DEBUG">http://127.0.0.1:56401 "POST /session/cd5a52d881b8f92c0902ec376debef05/element/e3d2c90b-1ddd-4208-9d5e-c9e7824de74e/elements HTTP/1.1" 200 90</msg>
<msg timestamp="20201012 16:41:48.589" level="DEBUG">Finished Request</msg>
<msg timestamp="20201012 16:41:48.589" level="DEBUG">GET http://127.0.0.1:56401/session/cd5a52d881b8f92c0902ec376debef05/element/4946f447-d10a-4356-8c67-91eec64d7bdc/selected {"id": "4946f447-d10a-4356-8c67-91eec64d7bdc"}</msg>
<msg timestamp="20201012 16:41:48.595" level="DEBUG">http://127.0.0.1:56401 "GET /session/cd5a52d881b8f92c0902ec376debef05/element/4946f447-d10a-4356-8c67-91eec64d7bdc/selected HTTP/1.1" 200 14</msg>
<msg timestamp="20201012 16:41:48.595" level="DEBUG">Finished Request</msg>
<msg timestamp="20201012 16:41:48.595" level="DEBUG">POST http://127.0.0.1:56401/session/cd5a52d881b8f92c0902ec376debef05/frame {"id": null}</msg>
<msg timestamp="20201012 16:41:48.597" level="DEBUG">http://127.0.0.1:56401 "POST /session/cd5a52d881b8f92c0902ec376debef05/frame HTTP/1.1" 200 14</msg>
<msg timestamp="20201012 16:41:48.598" level="DEBUG">Finished Request</msg>
<msg timestamp="20201012 16:41:48.598" level="DEBUG">POST http://127.0.0.1:56401/session/cd5a52d881b8f92c0902ec376debef05/execute/sync {"script": "return $(\"#animals\").get(0)", "args": []}</msg>
<msg timestamp="20201012 16:41:48.602" level="DEBUG">http://127.0.0.1:56401 "POST /session/cd5a52d881b8f92c0902ec376debef05/execute/sync HTTP/1.1" 200 88</msg>
<msg timestamp="20201012 16:41:48.602" level="DEBUG">Finished Request</msg>
<msg timestamp="20201012 16:41:48.602" level="DEBUG">GET http://127.0.0.1:56401/session/cd5a52d881b8f92c0902ec376debef05/element/694a2268-f903-44db-a674-bf8b81f99e37/name {"id": "694a2268-f903-44db-a674-bf8b81f99e37"}</msg>
<msg timestamp="20201012 16:41:48.606" level="DEBUG">http://127.0.0.1:56401 "GET /session/cd5a52d881b8f92c0902ec376debef05/element/694a2268-f903-44db-a674-bf8b81f99e37/name HTTP/1.1" 200 18</msg>
<msg timestamp="20201012 16:41:48.606" level="DEBUG">Finished Request</msg>
<msg timestamp="20201012 16:41:48.606" level="DEBUG">POST http://127.0.0.1:56401/session/cd5a52d881b8f92c0902ec376debef05/execute/sync {"script": "return (function(){return function(){var d=this;function f(a){return\"string\"==typeof a};function h(a,b){this.code=a;this.a=l[a]||m;this.message=b||\"\";a=this.a.replace(/((?:^|\\s+)[a-z])/g,function(a){return a.toUpperCase().replace(/^[\\s\\xa0]+/g,\"\")});b=a.length-5;if(0&gt;b||a.indexOf(\"Error\",b)!=b)a+=\"Error\";this.name=a;a=Error(this.message);a.name=this.name;this.stack=a.stack||\"\"}\n(function(){var a=Error;function b(){}b.prototype=a.prototype;h.b=a.prototype;h.prototype=new b;h.prototype.constructor=h;h.a=function(b,c,g){for(var e=Array(arguments.length-2),k=2;k&lt;arguments.length;k++)e[k-2]=arguments[k];return a.prototype[c].apply(b,e)}})();var m=\"unknown error\",l={15:\"element not selectable\",11:\"element not visible\"};l[31]=m;l[30]=m;l[24]=\"invalid cookie domain\";l[29]=\"invalid element coordinates\";l[12]=\"invalid element state\";l[32]=\"invalid selector\";l[51]=\"invalid selector\";\nl[52]=\"invalid selector\";l[17]=\"javascript error\";l[405]=\"unsupported operation\";l[34]=\"move target out of bounds\";l[27]=\"no such alert\";l[7]=\"no such element\";l[8]=\"no such frame\";l[23]=\"no such window\";l[28]=\"script timeout\";l[33]=\"session not created\";l[10]=\"stale element reference\";l[21]=\"timeout\";l[25]=\"unable to set cookie\";l[26]=\"unexpected alert open\";l[13]=m;l[9]=\"unknown command\";h.prototype.toString=function(){return this.name+\": \"+this.message};var n;a:{var p=d.navigator;if(p){var q=p.userAgent;if(q){n=q;break a}}n=\"\"}function r(a){return-1!=n.indexOf(a)};function t(a,b){for(var e=a.length,c=f(a)?a.split(\"\"):a,g=0;g&lt;e;g++)g in c&amp;&amp;b.call(void 0,c[g],g,a)};function v(){return r(\"iPhone\")&amp;&amp;!r(\"iPod\")&amp;&amp;!r(\"iPad\")};function w(){return(r(\"Chrome\")||r(\"CriOS\"))&amp;&amp;!r(\"Edge\")};var x=r(\"Opera\"),y=r(\"Trident\")||r(\"MSIE\"),z=r(\"Edge\"),A=r(\"Gecko\")&amp;&amp;!(-1!=n.toLowerCase().indexOf(\"webkit\")&amp;&amp;!r(\"Edge\"))&amp;&amp;!(r(\"Trident\")||r(\"MSIE\"))&amp;&amp;!r(\"Edge\"),aa=-1!=n.toLowerCase().indexOf(\"webkit\")&amp;&amp;!r(\"Edge\");function B(){var a=d.document;return a?a.documentMode:void 0}var C;\na:{var D=\"\",E=function(){var a=n;if(A)return/rv\\:([^\\);]+)(\\)|;)/.exec(a);if(z)return/Edge\\/([\\d\\.]+)/.exec(a);if(y)return/\\b(?:MSIE|rv)[: ]([^\\);]+)(\\)|;)/.exec(a);if(aa)return/WebKit\\/(\\S+)/.exec(a);if(x)return/(?:Version)[ \\/]?(\\S+)/.exec(a)}();E&amp;&amp;(D=E?E[1]:\"\");if(y){var F=B();if(null!=F&amp;&amp;F&gt;parseFloat(D)){C=String(F);break a}}C=D}var G;var H=d.document;G=H&amp;&amp;y?B()||(\"CSS1Compat\"==H.compatMode?parseInt(C,10):5):void 0;var ba=r(\"Firefox\"),ca=v()||r(\"iPod\"),da=r(\"iPad\"),I=r(\"Android\")&amp;&amp;!(w()||r(\"Firefox\")||r(\"Opera\")||r(\"Silk\")),ea=w(),J=r(\"Safari\")&amp;&amp;!(w()||r(\"Coast\")||r(\"Opera\")||r(\"Edge\")||r(\"Silk\")||r(\"Android\"))&amp;&amp;!(v()||r(\"iPad\")||r(\"iPod\"));function K(a){return(a=a.exec(n))?a[1]:\"\"}(function(){if(ba)return K(/Firefox\\/([0-9.]+)/);if(y||z||x)return C;if(ea)return v()||r(\"iPad\")||r(\"iPod\")?K(/CriOS\\/([0-9.]+)/):K(/Chrome\\/([0-9.]+)/);if(J&amp;&amp;!(v()||r(\"iPad\")||r(\"iPod\")))return K(/Version\\/([0-9.]+)/);if(ca||da){var a=/Version\\/(\\S+).*Mobile\\/(\\S+)/.exec(n);if(a)return a[1]+\".\"+a[2]}else if(I)return(a=K(/Android\\s+([0-9.]+)/))?a:K(/Version\\/([0-9.]+)/);return\"\"})();var L,M=function(){if(!A)return!1;var a=d.Components;if(!a)return!1;try{if(!a.classes)return!1}catch(g){return!1}var b=a.classes,a=a.interfaces,e=b[\"@mozilla.org/xpcom/version-comparator;1\"].getService(a.nsIVersionComparator),c=b[\"@mozilla.org/xre/app-info;1\"].getService(a.nsIXULAppInfo).version;L=function(a){e.compare(c,\"\"+a)};return!0}(),N=y&amp;&amp;!(8&lt;=Number(G)),fa=y&amp;&amp;!(9&lt;=Number(G));I&amp;&amp;M&amp;&amp;L(2.3);I&amp;&amp;M&amp;&amp;L(4);J&amp;&amp;M&amp;&amp;L(6);var ga={SCRIPT:1,STYLE:1,HEAD:1,IFRAME:1,OBJECT:1},O={IMG:\" \",BR:\"\\n\"};function P(a,b,e){if(!(a.nodeName in ga))if(3==a.nodeType)e?b.push(String(a.nodeValue).replace(/(\\r\\n|\\r|\\n)/g,\"\")):b.push(a.nodeValue);else if(a.nodeName in O)b.push(O[a.nodeName]);else for(a=a.firstChild;a;)P(a,b,e),a=a.nextSibling};function Q(a,b){b=b.toLowerCase();return\"style\"==b?ha(a.style.cssText):N&amp;&amp;\"value\"==b&amp;&amp;R(a,\"INPUT\")?a.value:fa&amp;&amp;!0===a[b]?String(a.getAttribute(b)):(a=a.getAttributeNode(b))&amp;&amp;a.specified?a.value:null}var ia=/[;]+(?=(?:(?:[^\"]*\"){2})*[^\"]*$)(?=(?:(?:[^']*'){2})*[^']*$)(?=(?:[^()]*\\([^()]*\\))*[^()]*$)/;\nfunction ha(a){var b=[];t(a.split(ia),function(a){var c=a.indexOf(\":\");0&lt;c&amp;&amp;(a=[a.slice(0,c),a.slice(c+1)],2==a.length&amp;&amp;b.push(a[0].toLowerCase(),\":\",a[1],\";\"))});b=b.join(\"\");return b=\";\"==b.charAt(b.length-1)?b:b+\";\"}function S(a,b){N&amp;&amp;\"value\"==b&amp;&amp;R(a,\"OPTION\")&amp;&amp;null===Q(a,\"value\")?(b=[],P(a,b,!1),a=b.join(\"\")):a=a[b];return a}function R(a,b){b&amp;&amp;\"string\"!==typeof b&amp;&amp;(b=b.toString());return!!a&amp;&amp;1==a.nodeType&amp;&amp;(!b||a.tagName.toUpperCase()==b)}\nfunction T(a){return R(a,\"OPTION\")?!0:R(a,\"INPUT\")?(a=a.type.toLowerCase(),\"checkbox\"==a||\"radio\"==a):!1};var ja={\"class\":\"className\",readonly:\"readOnly\"},U=\"allowfullscreen allowpaymentrequest allowusermedia async autofocus autoplay checked compact complete controls declare default defaultchecked defaultselected defer disabled ended formnovalidate hidden indeterminate iscontenteditable ismap itemscope loop multiple muted nohref nomodule noresize noshade novalidate nowrap open paused playsinline pubdate readonly required reversed scoped seamless seeking selected truespeed typemustmatch willvalidate\".split(\" \");function V(a,b){var e=null,c=b.toLowerCase();if(\"style\"==c)return(e=a.style)&amp;&amp;!f(e)&amp;&amp;(e=e.cssText),e;if((\"selected\"==c||\"checked\"==c)&amp;&amp;T(a)){if(!T(a))throw new h(15,\"Element is not selectable\");b=\"selected\";e=a.type&amp;&amp;a.type.toLowerCase();if(\"checkbox\"==e||\"radio\"==e)b=\"checked\";return S(a,b)?\"true\":null}var g=R(a,\"A\");if(R(a,\"IMG\")&amp;&amp;\"src\"==c||g&amp;&amp;\"href\"==c)return(e=Q(a,c))&amp;&amp;(e=S(a,c)),e;if(\"spellcheck\"==c){e=Q(a,c);if(null!==e){if(\"false\"==e.toLowerCase())return\"false\";if(\"true\"==e.toLowerCase())return\"true\"}return S(a,\nc)+\"\"}g=ja[b]||b;a:if(f(U))c=f(c)&amp;&amp;1==c.length?U.indexOf(c,0):-1;else{for(var u=0;u&lt;U.length;u++)if(u in U&amp;&amp;U[u]===c){c=u;break a}c=-1}if(0&lt;=c)return(e=null!==Q(a,b)||S(a,g))?\"true\":null;try{var k=S(a,g)}catch(ka){}(c=null==k)||(c=typeof k,c=\"object\"==c&amp;&amp;null!=k||\"function\"==c);c?e=Q(a,b):e=k;return null!=e?e.toString():null}var W=[\"_\"],X=d;W[0]in X||!X.execScript||X.execScript(\"var \"+W[0]);\nfor(var Y;W.length&amp;&amp;(Y=W.shift());){var Z;if(Z=!W.length)Z=void 0!==V;Z?X[Y]=V:X[Y]&amp;&amp;X[Y]!==Object.prototype[Y]?X=X[Y]:X=X[Y]={}};; return this._.apply(null,arguments);}.apply({navigator:typeof window!='undefined'?window.navigator:null,document:typeof window!='undefined'?window.document:null}, arguments);}\n).apply(null, arguments);", "args": [{"ELEMENT": "694a2268-f903-44db-a674-bf8b81f99e37", "element-6066-11e4-a52e-4f735466cecf": "694a2268-f903-44db-a674-bf8b81f99e37"}, "multiple"]}</msg>
<msg timestamp="20201012 16:41:48.611" level="DEBUG">http://127.0.0.1:56401 "POST /session/cd5a52d881b8f92c0902ec376debef05/execute/sync HTTP/1.1" 200 14</msg>
<msg timestamp="20201012 16:41:48.611" level="DEBUG">Finished Request</msg>
<msg timestamp="20201012 16:41:48.611" level="DEBUG">POST http://127.0.0.1:56401/session/cd5a52d881b8f92c0902ec376debef05/element/694a2268-f903-44db-a674-bf8b81f99e37/elements {"using": "xpath", "value": ".//option[normalize-space(.) = \"Avatar\"]", "id": "694a2268-f903-44db-a674-bf8b81f99e37"}</msg>
<msg timestamp="20201012 16:41:48.620" level="DEBUG">http://127.0.0.1:56401 "POST /session/cd5a52d881b8f92c0902ec376debef05/element/694a2268-f903-44db-a674-bf8b81f99e37/elements HTTP/1.1" 200 90</msg>
<msg timestamp="20201012 16:41:48.620" level="DEBUG">Finished Request</msg>
<msg timestamp="20201012 16:41:48.620" level="DEBUG">GET http://127.0.0.1:56401/session/cd5a52d881b8f92c0902ec376debef05/element/f8d13e29-d081-41e8-8134-f244c482da52/selected {"id": "f8d13e29-d081-41e8-8134-f244c482da52"}</msg>
<msg timestamp="20201012 16:41:48.627" level="DEBUG">http://127.0.0.1:56401 "GET /session/cd5a52d881b8f92c0902ec376debef05/element/f8d13e29-d081-41e8-8134-f244c482da52/selected HTTP/1.1" 200 15</msg>
<msg timestamp="20201012 16:41:48.627" level="DEBUG">Finished Request</msg>
<msg timestamp="20201012 16:41:48.627" level="DEBUG">POST http://127.0.0.1:56401/session/cd5a52d881b8f92c0902ec376debef05/element/f8d13e29-d081-41e8-8134-f244c482da52/click {"id": "f8d13e29-d081-41e8-8134-f244c482da52"}</msg>
<msg timestamp="20201012 16:41:48.645" level="DEBUG">http://127.0.0.1:56401 "POST /session/cd5a52d881b8f92c0902ec376debef05/element/f8d13e29-d081-41e8-8134-f244c482da52/click HTTP/1.1" 200 14</msg>
<msg timestamp="20201012 16:41:48.645" level="DEBUG">Finished Request</msg>
<msg timestamp="20201012 16:41:51.646" level="DEBUG">DELETE http://127.0.0.1:56401/session/cd5a52d881b8f92c0902ec376debef05 {}</msg>
<msg timestamp="20201012 16:41:51.686" level="DEBUG">http://127.0.0.1:56401 "DELETE /session/cd5a52d881b8f92c0902ec376debef05 HTTP/1.1" 200 14</msg>
<msg timestamp="20201012 16:41:51.686" level="DEBUG">Finished Request</msg>
<status status="PASS" starttime="20201012 16:41:40.666" endtime="20201012 16:41:53.822"></status>
</kw>
<tags>
<tag>Regression</tag>
<tag>Smoke</tag>
<tag>SystemTesting</tag>
<tag>TestAutomationPractice</tag>
<tag>WebTesting</tag>
</tags>
<status status="PASS" starttime="20201012 16:41:40.665" endtime="20201012 16:41:53.823" critical="yes"></status>
</test>
<kw name="Common Suite Teardown" library="UniversalResources" type="teardown">
<msg timestamp="20201012 16:41:53.825" level="INFO">Common Suite Teardown</msg>
<status status="PASS" starttime="20201012 16:41:53.825" endtime="20201012 16:41:53.825"></status>
</kw>
<status status="PASS" starttime="20201012 16:40:43.505" endtime="20201012 16:41:53.825"></status>
</suite>
<doc>= [MainUI] MainUI Feature Project =
This feature enables basic web manipulation features such as click, input text, hover, right click, select, drag and drop, and double click.
== Feature Goals ==
| =1= | =JIRA Number= | =Name= | =Description= |
| =1.1= | PR-276 | MainUI Feature Project | Goal of this feature is to add support for the basic web manipulation features in testautomationpractice.blogspot.com webpage. |

== Objectives ==
| =2= | =TEST OBJECTIVE= | =PRIORITY= |
| 2.1 | Test whether the web application is able to perform click function to button elements. | Critical |
| 2.2 | Test whether the web application is able to input text to text box elements. | Critical |
| 2.3 | Test whether the web application is able to show message upon mouse hover for selected web elements. | Critical |
| 2.4 | Test whether the web application is able to perform double click function to select web elements. | Critical |
| 2.5 | Test whether the web application is able to perform right click function to select web elements. | Major |
| 2.6 | Test whether the web application is able to support drag and drop functionality for select web elements. | Critical |
| 2.7 | Test whether the web application is able to show and select from a list of values in selection drop down elements. | Critical |

== Test Scope ==
=== Inclusions ===
- Functional tests for mouse actions.
- Text verifications.

=== Exclusions ===
- Error and provocative scenarios involving web elements having unsupported mouse actions.
- UI testing for aesthetic, design, web element location.
- Non-functional testing including Performance/Stability Testing during normal server operations.
- Cross-browser and cross-platform testing

== Test Environment Requirements ==
- testautomationpractice web page running on Chrome

== Test Approach ==
| =4= | =TEST STAGE= | =ENVIRONMENT= | =URL= | =DESCRIPTION= |
| 4.1 | System | localhost environment | http://testautomationpractice.blogspot.com | System Feature Testing Environment |</doc>
<status status="PASS" starttime="20201012 16:40:43.483" endtime="20201012 16:41:53.829"></status>
</suite>
<statistics>
<total>
<stat pass="5" fail="0">Critical Tests</stat>
<stat pass="5" fail="0">All Tests</stat>
</total>
<tag>
<stat pass="5" fail="0">Regression</stat>
<stat pass="5" fail="0">Smoke</stat>
<stat pass="5" fail="0">SystemTesting</stat>
<stat pass="5" fail="0">TestAutomationPractice</stat>
<stat pass="5" fail="0">WebTesting</stat>
</tag>
<suite>
<stat pass="5" fail="0" id="s1" name="TestCases">TestCases</stat>
<stat pass="5" fail="0" id="s1-s1" name="MainUI">TestCases.MainUI</stat>
</suite>
</statistics>
<errors>
</errors>
</robot>
